{"/mnt/d/dev/projects/slack-chat/src/js/components/App.js": {"path":"/mnt/d/dev/projects/slack-chat/src/js/components/App.js","statementMap":{"0":{"start":{"line":3,"column":4},"end":{"line":3,"column":32}},"1":{"start":{"line":7,"column":4},"end":{"line":7,"column":35}},"2":{"start":{"line":9,"column":4},"end":{"line":9,"column":16}},"3":{"start":{"line":13,"column":4},"end":{"line":13,"column":38}},"4":{"start":{"line":15,"column":4},"end":{"line":15,"column":16}},"5":{"start":{"line":19,"column":4},"end":{"line":19,"column":28}},"6":{"start":{"line":23,"column":4},"end":{"line":25,"column":7}},"7":{"start":{"line":24,"column":6},"end":{"line":24,"column":25}}},"fnMap":{"0":{"name":"(anonymous_0)","decl":{"start":{"line":2,"column":2},"end":{"line":2,"column":3}},"loc":{"start":{"line":2,"column":16},"end":{"line":4,"column":3}},"line":2},"1":{"name":"(anonymous_1)","decl":{"start":{"line":6,"column":2},"end":{"line":6,"column":3}},"loc":{"start":{"line":6,"column":17},"end":{"line":10,"column":3}},"line":6},"2":{"name":"(anonymous_2)","decl":{"start":{"line":12,"column":2},"end":{"line":12,"column":3}},"loc":{"start":{"line":12,"column":20},"end":{"line":16,"column":3}},"line":12},"3":{"name":"(anonymous_3)","decl":{"start":{"line":18,"column":2},"end":{"line":18,"column":3}},"loc":{"start":{"line":18,"column":10},"end":{"line":20,"column":3}},"line":18},"4":{"name":"(anonymous_4)","decl":{"start":{"line":22,"column":2},"end":{"line":22,"column":3}},"loc":{"start":{"line":22,"column":11},"end":{"line":26,"column":3}},"line":22},"5":{"name":"(anonymous_5)","decl":{"start":{"line":23,"column":28},"end":{"line":23,"column":29}},"loc":{"start":{"line":23,"column":41},"end":{"line":25,"column":5}},"line":23}},"branchMap":{},"s":{"0":4,"1":4,"2":4,"3":1,"4":1,"5":5,"6":1,"7":1},"f":{"0":4,"1":4,"2":1,"3":5,"4":1,"5":1},"b":{},"_coverageSchema":"43e27e138ebf9cfc5966b082cf9a028302ed4184","hash":"10916f1e414c9e33938a56205e57e1c04454d4de"}
,"/mnt/d/dev/projects/slack-chat/src/js/components/ChatHeader.js": {"path":"/mnt/d/dev/projects/slack-chat/src/js/components/ChatHeader.js","statementMap":{"0":{"start":{"line":7,"column":4},"end":{"line":10,"column":7}},"1":{"start":{"line":12,"column":4},"end":{"line":17,"column":6}},"2":{"start":{"line":18,"column":4},"end":{"line":18,"column":17}},"3":{"start":{"line":19,"column":4},"end":{"line":19,"column":25}},"4":{"start":{"line":21,"column":4},"end":{"line":21,"column":67}},"5":{"start":{"line":22,"column":4},"end":{"line":22,"column":69}},"6":{"start":{"line":23,"column":4},"end":{"line":23,"column":69}},"7":{"start":{"line":24,"column":4},"end":{"line":24,"column":73}},"8":{"start":{"line":26,"column":4},"end":{"line":26,"column":57}},"9":{"start":{"line":27,"column":4},"end":{"line":27,"column":58}},"10":{"start":{"line":31,"column":4},"end":{"line":33,"column":5}},"11":{"start":{"line":32,"column":6},"end":{"line":32,"column":30}},"12":{"start":{"line":35,"column":33},"end":{"line":35,"column":49}},"13":{"start":{"line":36,"column":30},"end":{"line":36,"column":40}},"14":{"start":{"line":39,"column":4},"end":{"line":47,"column":5}},"15":{"start":{"line":40,"column":6},"end":{"line":40,"column":28}},"16":{"start":{"line":42,"column":6},"end":{"line":44,"column":7}},"17":{"start":{"line":43,"column":8},"end":{"line":43,"column":68}},"18":{"start":{"line":46,"column":6},"end":{"line":46,"column":31}},"19":{"start":{"line":49,"column":4},"end":{"line":49,"column":17}},"20":{"start":{"line":53,"column":4},"end":{"line":55,"column":5}},"21":{"start":{"line":54,"column":6},"end":{"line":54,"column":29}},"22":{"start":{"line":57,"column":4},"end":{"line":62,"column":5}},"23":{"start":{"line":58,"column":20},"end":{"line":58,"column":31}},"24":{"start":{"line":59,"column":23},"end":{"line":59,"column":57}},"25":{"start":{"line":61,"column":6},"end":{"line":61,"column":36}},"26":{"start":{"line":64,"column":21},"end":{"line":64,"column":55}},"27":{"start":{"line":65,"column":25},"end":{"line":65,"column":41}},"28":{"start":{"line":66,"column":30},"end":{"line":66,"column":40}},"29":{"start":{"line":68,"column":4},"end":{"line":68,"column":63}},"30":{"start":{"line":72,"column":4},"end":{"line":74,"column":7}},"31":{"start":{"line":78,"column":4},"end":{"line":80,"column":7}},"32":{"start":{"line":84,"column":4},"end":{"line":88,"column":7}},"33":{"start":{"line":92,"column":4},"end":{"line":97,"column":7}},"34":{"start":{"line":101,"column":4},"end":{"line":104,"column":7}},"35":{"start":{"line":108,"column":4},"end":{"line":108,"column":47}}},"fnMap":{"0":{"name":"(anonymous_0)","decl":{"start":{"line":6,"column":2},"end":{"line":6,"column":3}},"loc":{"start":{"line":6,"column":26},"end":{"line":28,"column":3}},"line":6},"1":{"name":"(anonymous_1)","decl":{"start":{"line":30,"column":2},"end":{"line":30,"column":3}},"loc":{"start":{"line":30,"column":17},"end":{"line":50,"column":3}},"line":30},"2":{"name":"(anonymous_2)","decl":{"start":{"line":52,"column":2},"end":{"line":52,"column":3}},"loc":{"start":{"line":52,"column":16},"end":{"line":69,"column":3}},"line":52},"3":{"name":"(anonymous_3)","decl":{"start":{"line":71,"column":2},"end":{"line":71,"column":3}},"loc":{"start":{"line":71,"column":33},"end":{"line":75,"column":3}},"line":71},"4":{"name":"(anonymous_4)","decl":{"start":{"line":77,"column":2},"end":{"line":77,"column":3}},"loc":{"start":{"line":77,"column":27},"end":{"line":81,"column":3}},"line":77},"5":{"name":"(anonymous_5)","decl":{"start":{"line":83,"column":2},"end":{"line":83,"column":3}},"loc":{"start":{"line":83,"column":25},"end":{"line":89,"column":3}},"line":83},"6":{"name":"(anonymous_6)","decl":{"start":{"line":91,"column":2},"end":{"line":91,"column":3}},"loc":{"start":{"line":91,"column":29},"end":{"line":98,"column":3}},"line":91},"7":{"name":"(anonymous_7)","decl":{"start":{"line":100,"column":2},"end":{"line":100,"column":3}},"loc":{"start":{"line":100,"column":25},"end":{"line":105,"column":3}},"line":100},"8":{"name":"(anonymous_8)","decl":{"start":{"line":107,"column":2},"end":{"line":107,"column":3}},"loc":{"start":{"line":107,"column":11},"end":{"line":109,"column":3}},"line":107}},"branchMap":{"0":{"loc":{"start":{"line":31,"column":4},"end":{"line":33,"column":5}},"type":"if","locations":[{"start":{"line":31,"column":4},"end":{"line":33,"column":5}},{"start":{"line":31,"column":4},"end":{"line":33,"column":5}}],"line":31},"1":{"loc":{"start":{"line":39,"column":4},"end":{"line":47,"column":5}},"type":"if","locations":[{"start":{"line":39,"column":4},"end":{"line":47,"column":5}},{"start":{"line":39,"column":4},"end":{"line":47,"column":5}}],"line":39},"2":{"loc":{"start":{"line":42,"column":6},"end":{"line":44,"column":7}},"type":"if","locations":[{"start":{"line":42,"column":6},"end":{"line":44,"column":7}},{"start":{"line":42,"column":6},"end":{"line":44,"column":7}}],"line":42},"3":{"loc":{"start":{"line":53,"column":4},"end":{"line":55,"column":5}},"type":"if","locations":[{"start":{"line":53,"column":4},"end":{"line":55,"column":5}},{"start":{"line":53,"column":4},"end":{"line":55,"column":5}}],"line":53},"4":{"loc":{"start":{"line":57,"column":4},"end":{"line":62,"column":5}},"type":"if","locations":[{"start":{"line":57,"column":4},"end":{"line":62,"column":5}},{"start":{"line":57,"column":4},"end":{"line":62,"column":5}}],"line":57},"5":{"loc":{"start":{"line":59,"column":23},"end":{"line":59,"column":57}},"type":"cond-expr","locations":[{"start":{"line":59,"column":37},"end":{"line":59,"column":45}},{"start":{"line":59,"column":48},"end":{"line":59,"column":57}}],"line":59},"6":{"loc":{"start":{"line":64,"column":21},"end":{"line":64,"column":55}},"type":"cond-expr","locations":[{"start":{"line":64,"column":35},"end":{"line":64,"column":43}},{"start":{"line":64,"column":46},"end":{"line":64,"column":55}}],"line":64},"7":{"loc":{"start":{"line":68,"column":14},"end":{"line":68,"column":60}},"type":"cond-expr","locations":[{"start":{"line":68,"column":34},"end":{"line":68,"column":42}},{"start":{"line":68,"column":45},"end":{"line":68,"column":60}}],"line":68},"8":{"loc":{"start":{"line":71,"column":19},"end":{"line":71,"column":31}},"type":"default-arg","locations":[{"start":{"line":71,"column":29},"end":{"line":71,"column":31}}],"line":71}},"s":{"0":11,"1":11,"2":11,"3":11,"4":11,"5":11,"6":11,"7":11,"8":11,"9":11,"10":4,"11":1,"12":3,"13":3,"14":3,"15":2,"16":2,"17":1,"18":1,"19":3,"20":4,"21":1,"22":3,"23":1,"24":1,"25":1,"26":2,"27":2,"28":2,"29":2,"30":1,"31":1,"32":1,"33":1,"34":1,"35":6},"f":{"0":11,"1":4,"2":4,"3":1,"4":1,"5":1,"6":1,"7":1,"8":6},"b":{"0":[1,3],"1":[2,1],"2":[1,1],"3":[1,3],"4":[1,2],"5":[0,1],"6":[2,0],"7":[1,1],"8":[0]},"_coverageSchema":"43e27e138ebf9cfc5966b082cf9a028302ed4184","hash":"7583b466ff7e3b0cfa75a1ca5b87f506865f6c61"}
,"/mnt/d/dev/projects/slack-chat/src/js/components/Dialog.js": {"path":"/mnt/d/dev/projects/slack-chat/src/js/components/Dialog.js","statementMap":{"0":{"start":{"line":6,"column":4},"end":{"line":6,"column":23}},"1":{"start":{"line":8,"column":4},"end":{"line":8,"column":46}},"2":{"start":{"line":9,"column":4},"end":{"line":9,"column":23}},"3":{"start":{"line":11,"column":4},"end":{"line":11,"column":41}},"4":{"start":{"line":15,"column":4},"end":{"line":15,"column":43}},"5":{"start":{"line":19,"column":4},"end":{"line":19,"column":46}},"6":{"start":{"line":23,"column":4},"end":{"line":23,"column":51}},"7":{"start":{"line":24,"column":4},"end":{"line":24,"column":21}},"8":{"start":{"line":28,"column":4},"end":{"line":35,"column":5}},"9":{"start":{"line":29,"column":23},"end":{"line":29,"column":64}},"10":{"start":{"line":31,"column":6},"end":{"line":34,"column":9}},"11":{"start":{"line":32,"column":8},"end":{"line":32,"column":28}},"12":{"start":{"line":33,"column":8},"end":{"line":33,"column":23}},"13":{"start":{"line":37,"column":4},"end":{"line":45,"column":6}},"14":{"start":{"line":40,"column":8},"end":{"line":43,"column":9}},"15":{"start":{"line":41,"column":10},"end":{"line":41,"column":25}},"16":{"start":{"line":42,"column":10},"end":{"line":42,"column":57}},"17":{"start":{"line":49,"column":24},"end":{"line":49,"column":64}},"18":{"start":{"line":50,"column":15},"end":{"line":50,"column":22}},"19":{"start":{"line":52,"column":4},"end":{"line":54,"column":5}},"20":{"start":{"line":53,"column":6},"end":{"line":53,"column":36}},"21":{"start":{"line":56,"column":4},"end":{"line":56,"column":34}},"22":{"start":{"line":60,"column":19},"end":{"line":60,"column":61}},"23":{"start":{"line":61,"column":16},"end":{"line":61,"column":48}},"24":{"start":{"line":63,"column":4},"end":{"line":63,"column":26}},"25":{"start":{"line":64,"column":4},"end":{"line":64,"column":29}},"26":{"start":{"line":65,"column":4},"end":{"line":68,"column":7}},"27":{"start":{"line":66,"column":6},"end":{"line":66,"column":26}},"28":{"start":{"line":67,"column":6},"end":{"line":67,"column":11}},"29":{"start":{"line":70,"column":4},"end":{"line":70,"column":28}}},"fnMap":{"0":{"name":"(anonymous_0)","decl":{"start":{"line":5,"column":2},"end":{"line":5,"column":3}},"loc":{"start":{"line":5,"column":35},"end":{"line":12,"column":3}},"line":5},"1":{"name":"(anonymous_1)","decl":{"start":{"line":14,"column":2},"end":{"line":14,"column":3}},"loc":{"start":{"line":14,"column":9},"end":{"line":16,"column":3}},"line":14},"2":{"name":"(anonymous_2)","decl":{"start":{"line":18,"column":2},"end":{"line":18,"column":3}},"loc":{"start":{"line":18,"column":9},"end":{"line":20,"column":3}},"line":18},"3":{"name":"(anonymous_3)","decl":{"start":{"line":22,"column":2},"end":{"line":22,"column":3}},"loc":{"start":{"line":22,"column":12},"end":{"line":25,"column":3}},"line":22},"4":{"name":"(anonymous_4)","decl":{"start":{"line":27,"column":2},"end":{"line":27,"column":3}},"loc":{"start":{"line":27,"column":16},"end":{"line":46,"column":3}},"line":27},"5":{"name":"(anonymous_5)","decl":{"start":{"line":31,"column":41},"end":{"line":31,"column":42}},"loc":{"start":{"line":31,"column":47},"end":{"line":34,"column":7}},"line":31},"6":{"name":"close","decl":{"start":{"line":39,"column":15},"end":{"line":39,"column":20}},"loc":{"start":{"line":39,"column":25},"end":{"line":44,"column":7}},"line":39},"7":{"name":"(anonymous_7)","decl":{"start":{"line":48,"column":2},"end":{"line":48,"column":3}},"loc":{"start":{"line":48,"column":22},"end":{"line":57,"column":3}},"line":48},"8":{"name":"(anonymous_8)","decl":{"start":{"line":59,"column":2},"end":{"line":59,"column":3}},"loc":{"start":{"line":59,"column":36},"end":{"line":71,"column":3}},"line":59},"9":{"name":"(anonymous_9)","decl":{"start":{"line":65,"column":34},"end":{"line":65,"column":35}},"loc":{"start":{"line":65,"column":40},"end":{"line":68,"column":5}},"line":65}},"branchMap":{"0":{"loc":{"start":{"line":5,"column":14},"end":{"line":5,"column":33}},"type":"default-arg","locations":[{"start":{"line":5,"column":31},"end":{"line":5,"column":33}}],"line":5},"1":{"loc":{"start":{"line":5,"column":16},"end":{"line":5,"column":26}},"type":"default-arg","locations":[{"start":{"line":5,"column":24},"end":{"line":5,"column":26}}],"line":5},"2":{"loc":{"start":{"line":28,"column":4},"end":{"line":35,"column":5}},"type":"if","locations":[{"start":{"line":28,"column":4},"end":{"line":35,"column":5}},{"start":{"line":28,"column":4},"end":{"line":35,"column":5}}],"line":28},"3":{"loc":{"start":{"line":40,"column":8},"end":{"line":43,"column":9}},"type":"if","locations":[{"start":{"line":40,"column":8},"end":{"line":43,"column":9}},{"start":{"line":40,"column":8},"end":{"line":43,"column":9}}],"line":40},"4":{"loc":{"start":{"line":40,"column":12},"end":{"line":40,"column":42}},"type":"binary-expr","locations":[{"start":{"line":40,"column":12},"end":{"line":40,"column":21}},{"start":{"line":40,"column":25},"end":{"line":40,"column":42}}],"line":40},"5":{"loc":{"start":{"line":52,"column":4},"end":{"line":54,"column":5}},"type":"if","locations":[{"start":{"line":52,"column":4},"end":{"line":54,"column":5}},{"start":{"line":52,"column":4},"end":{"line":54,"column":5}}],"line":52}},"s":{"0":10,"1":10,"2":10,"3":10,"4":1,"5":1,"6":10,"7":10,"8":10,"9":9,"10":9,"11":1,"12":1,"13":10,"14":8,"15":1,"16":1,"17":1,"18":1,"19":1,"20":1,"21":1,"22":1,"23":1,"24":1,"25":1,"26":1,"27":1,"28":1,"29":1},"f":{"0":10,"1":1,"2":1,"3":10,"4":10,"5":1,"6":8,"7":1,"8":1,"9":1},"b":{"0":[1],"1":[1],"2":[9,1],"3":[1,7],"4":[8,1],"5":[1,0]},"_coverageSchema":"43e27e138ebf9cfc5966b082cf9a028302ed4184","hash":"b38e75db3503cb9c18b863be32dfdc6bd65cc8e5"}
,"/mnt/d/dev/projects/slack-chat/src/js/components/EditUserProfile.js": {"path":"/mnt/d/dev/projects/slack-chat/src/js/components/EditUserProfile.js","statementMap":{"0":{"start":{"line":8,"column":4},"end":{"line":8,"column":21}},"1":{"start":{"line":9,"column":4},"end":{"line":9,"column":21}},"2":{"start":{"line":11,"column":4},"end":{"line":11,"column":59}},"3":{"start":{"line":12,"column":4},"end":{"line":12,"column":61}},"4":{"start":{"line":16,"column":20},"end":{"line":16,"column":76}},"5":{"start":{"line":17,"column":21},"end":{"line":17,"column":75}},"6":{"start":{"line":19,"column":4},"end":{"line":19,"column":60}},"7":{"start":{"line":20,"column":4},"end":{"line":20,"column":63}},"8":{"start":{"line":24,"column":17},"end":{"line":24,"column":43}},"9":{"start":{"line":25,"column":21},"end":{"line":25,"column":75}},"10":{"start":{"line":26,"column":16},"end":{"line":26,"column":70}},"11":{"start":{"line":28,"column":4},"end":{"line":28,"column":60}},"12":{"start":{"line":28,"column":42},"end":{"line":28,"column":58}},"13":{"start":{"line":30,"column":4},"end":{"line":36,"column":5}},"14":{"start":{"line":31,"column":6},"end":{"line":35,"column":9}},"15":{"start":{"line":32,"column":8},"end":{"line":32,"column":28}},"16":{"start":{"line":33,"column":8},"end":{"line":33,"column":40}},"17":{"start":{"line":34,"column":8},"end":{"line":34,"column":67}},"18":{"start":{"line":38,"column":4},"end":{"line":41,"column":7}},"19":{"start":{"line":45,"column":21},"end":{"line":45,"column":37}},"20":{"start":{"line":46,"column":17},"end":{"line":46,"column":34}},"21":{"start":{"line":47,"column":16},"end":{"line":47,"column":70}},"22":{"start":{"line":49,"column":4},"end":{"line":51,"column":5}},"23":{"start":{"line":50,"column":6},"end":{"line":50,"column":13}},"24":{"start":{"line":53,"column":19},"end":{"line":53,"column":35}},"25":{"start":{"line":55,"column":4},"end":{"line":57,"column":6}},"26":{"start":{"line":56,"column":6},"end":{"line":56,"column":32}},"27":{"start":{"line":59,"column":4},"end":{"line":59,"column":31}},"28":{"start":{"line":60,"column":4},"end":{"line":60,"column":36}},"29":{"start":{"line":64,"column":4},"end":{"line":69,"column":6}},"30":{"start":{"line":70,"column":4},"end":{"line":70,"column":23}},"31":{"start":{"line":72,"column":4},"end":{"line":72,"column":21}}},"fnMap":{"0":{"name":"(anonymous_0)","decl":{"start":{"line":7,"column":2},"end":{"line":7,"column":3}},"loc":{"start":{"line":7,"column":20},"end":{"line":13,"column":3}},"line":7},"1":{"name":"(anonymous_1)","decl":{"start":{"line":15,"column":2},"end":{"line":15,"column":3}},"loc":{"start":{"line":15,"column":16},"end":{"line":21,"column":3}},"line":15},"2":{"name":"(anonymous_2)","decl":{"start":{"line":23,"column":2},"end":{"line":23,"column":3}},"loc":{"start":{"line":23,"column":22},"end":{"line":42,"column":3}},"line":23},"3":{"name":"(anonymous_3)","decl":{"start":{"line":28,"column":36},"end":{"line":28,"column":37}},"loc":{"start":{"line":28,"column":42},"end":{"line":28,"column":58}},"line":28},"4":{"name":"(anonymous_4)","decl":{"start":{"line":31,"column":52},"end":{"line":31,"column":53}},"loc":{"start":{"line":31,"column":58},"end":{"line":35,"column":7}},"line":31},"5":{"name":"(anonymous_5)","decl":{"start":{"line":44,"column":2},"end":{"line":44,"column":3}},"loc":{"start":{"line":44,"column":23},"end":{"line":61,"column":3}},"line":44},"6":{"name":"(anonymous_6)","decl":{"start":{"line":55,"column":20},"end":{"line":55,"column":21}},"loc":{"start":{"line":55,"column":25},"end":{"line":57,"column":5}},"line":55},"7":{"name":"(anonymous_7)","decl":{"start":{"line":63,"column":2},"end":{"line":63,"column":3}},"loc":{"start":{"line":63,"column":11},"end":{"line":73,"column":3}},"line":63}},"branchMap":{"0":{"loc":{"start":{"line":30,"column":4},"end":{"line":36,"column":5}},"type":"if","locations":[{"start":{"line":30,"column":4},"end":{"line":36,"column":5}},{"start":{"line":30,"column":4},"end":{"line":36,"column":5}}],"line":30},"1":{"loc":{"start":{"line":49,"column":4},"end":{"line":51,"column":5}},"type":"if","locations":[{"start":{"line":49,"column":4},"end":{"line":51,"column":5}},{"start":{"line":49,"column":4},"end":{"line":51,"column":5}}],"line":49}},"s":{"0":4,"1":4,"2":4,"3":4,"4":4,"5":4,"6":4,"7":4,"8":1,"9":1,"10":1,"11":1,"12":0,"13":1,"14":1,"15":0,"16":0,"17":0,"18":1,"19":2,"20":2,"21":2,"22":2,"23":1,"24":1,"25":1,"26":1,"27":1,"28":1,"29":1,"30":1,"31":1},"f":{"0":4,"1":4,"2":1,"3":0,"4":0,"5":2,"6":1,"7":1},"b":{"0":[1,0],"1":[1,1]},"_coverageSchema":"43e27e138ebf9cfc5966b082cf9a028302ed4184","hash":"639ec71d0117d3ecbd8544f6c28452e603653141"}
,"/mnt/d/dev/projects/slack-chat/src/js/components/Editor.js": {"path":"/mnt/d/dev/projects/slack-chat/src/js/components/Editor.js","statementMap":{"0":{"start":{"line":10,"column":4},"end":{"line":13,"column":7}},"1":{"start":{"line":15,"column":4},"end":{"line":15,"column":36}},"2":{"start":{"line":16,"column":4},"end":{"line":16,"column":28}},"3":{"start":{"line":17,"column":4},"end":{"line":17,"column":17}},"4":{"start":{"line":18,"column":4},"end":{"line":18,"column":25}},"5":{"start":{"line":20,"column":30},"end":{"line":20,"column":88}},"6":{"start":{"line":21,"column":4},"end":{"line":27,"column":5}},"7":{"start":{"line":22,"column":6},"end":{"line":22,"column":37}},"8":{"start":{"line":23,"column":6},"end":{"line":23,"column":49}},"9":{"start":{"line":25,"column":6},"end":{"line":25,"column":46}},"10":{"start":{"line":26,"column":6},"end":{"line":26,"column":43}},"11":{"start":{"line":29,"column":4},"end":{"line":29,"column":65}},"12":{"start":{"line":30,"column":4},"end":{"line":30,"column":45}},"13":{"start":{"line":31,"column":4},"end":{"line":31,"column":49}},"14":{"start":{"line":33,"column":4},"end":{"line":33,"column":53}},"15":{"start":{"line":34,"column":4},"end":{"line":34,"column":51}},"16":{"start":{"line":35,"column":4},"end":{"line":35,"column":52}},"17":{"start":{"line":36,"column":4},"end":{"line":36,"column":54}},"18":{"start":{"line":40,"column":4},"end":{"line":65,"column":5}},"19":{"start":{"line":41,"column":6},"end":{"line":58,"column":7}},"20":{"start":{"line":42,"column":8},"end":{"line":42,"column":28}},"21":{"start":{"line":43,"column":8},"end":{"line":43,"column":43}},"22":{"start":{"line":45,"column":8},"end":{"line":45,"column":28}},"23":{"start":{"line":47,"column":8},"end":{"line":49,"column":9}},"24":{"start":{"line":48,"column":10},"end":{"line":48,"column":17}},"25":{"start":{"line":51,"column":29},"end":{"line":51,"column":45}},"26":{"start":{"line":52,"column":20},"end":{"line":52,"column":39}},"27":{"start":{"line":54,"column":8},"end":{"line":54,"column":48}},"28":{"start":{"line":55,"column":8},"end":{"line":55,"column":53}},"29":{"start":{"line":56,"column":8},"end":{"line":56,"column":53}},"30":{"start":{"line":57,"column":8},"end":{"line":57,"column":25}},"31":{"start":{"line":60,"column":6},"end":{"line":60,"column":27}},"32":{"start":{"line":61,"column":11},"end":{"line":65,"column":5}},"33":{"start":{"line":62,"column":6},"end":{"line":64,"column":7}},"34":{"start":{"line":63,"column":8},"end":{"line":63,"column":45}},"35":{"start":{"line":69,"column":25},"end":{"line":69,"column":80}},"36":{"start":{"line":71,"column":4},"end":{"line":94,"column":5}},"37":{"start":{"line":72,"column":17},"end":{"line":72,"column":19}},"38":{"start":{"line":74,"column":6},"end":{"line":76,"column":9}},"39":{"start":{"line":75,"column":8},"end":{"line":75,"column":28}},"40":{"start":{"line":78,"column":6},"end":{"line":83,"column":9}},"41":{"start":{"line":79,"column":8},"end":{"line":79,"column":33}},"42":{"start":{"line":80,"column":8},"end":{"line":80,"column":27}},"43":{"start":{"line":81,"column":8},"end":{"line":81,"column":25}},"44":{"start":{"line":82,"column":8},"end":{"line":82,"column":43}},"45":{"start":{"line":85,"column":6},"end":{"line":89,"column":9}},"46":{"start":{"line":86,"column":8},"end":{"line":86,"column":32}},"47":{"start":{"line":87,"column":8},"end":{"line":87,"column":31}},"48":{"start":{"line":88,"column":8},"end":{"line":88,"column":27}},"49":{"start":{"line":91,"column":6},"end":{"line":93,"column":9}},"50":{"start":{"line":92,"column":8},"end":{"line":92,"column":50}},"51":{"start":{"line":98,"column":18},"end":{"line":98,"column":65}},"52":{"start":{"line":100,"column":4},"end":{"line":102,"column":7}},"53":{"start":{"line":101,"column":6},"end":{"line":101,"column":81}},"54":{"start":{"line":104,"column":4},"end":{"line":104,"column":18}},"55":{"start":{"line":106,"column":4},"end":{"line":108,"column":7}},"56":{"start":{"line":107,"column":6},"end":{"line":107,"column":84}},"57":{"start":{"line":110,"column":4},"end":{"line":110,"column":68}},"58":{"start":{"line":111,"column":4},"end":{"line":111,"column":86}},"59":{"start":{"line":111,"column":51},"end":{"line":111,"column":71}},"60":{"start":{"line":113,"column":25},"end":{"line":115,"column":12}},"61":{"start":{"line":114,"column":6},"end":{"line":114,"column":51}},"62":{"start":{"line":117,"column":4},"end":{"line":117,"column":80}},"63":{"start":{"line":117,"column":44},"end":{"line":117,"column":78}},"64":{"start":{"line":119,"column":4},"end":{"line":124,"column":7}},"65":{"start":{"line":120,"column":27},"end":{"line":120,"column":43}},"66":{"start":{"line":122,"column":6},"end":{"line":122,"column":46}},"67":{"start":{"line":123,"column":6},"end":{"line":123,"column":29}},"68":{"start":{"line":126,"column":4},"end":{"line":126,"column":40}},"69":{"start":{"line":130,"column":18},"end":{"line":130,"column":65}},"70":{"start":{"line":132,"column":4},"end":{"line":132,"column":18}},"71":{"start":{"line":136,"column":18},"end":{"line":136,"column":65}},"72":{"start":{"line":138,"column":4},"end":{"line":138,"column":21}},"73":{"start":{"line":142,"column":4},"end":{"line":144,"column":7}},"74":{"start":{"line":145,"column":4},"end":{"line":145,"column":23}}},"fnMap":{"0":{"name":"(anonymous_0)","decl":{"start":{"line":9,"column":2},"end":{"line":9,"column":3}},"loc":{"start":{"line":9,"column":26},"end":{"line":37,"column":3}},"line":9},"1":{"name":"(anonymous_1)","decl":{"start":{"line":39,"column":2},"end":{"line":39,"column":3}},"loc":{"start":{"line":39,"column":32},"end":{"line":66,"column":3}},"line":39},"2":{"name":"(anonymous_2)","decl":{"start":{"line":68,"column":2},"end":{"line":68,"column":3}},"loc":{"start":{"line":68,"column":33},"end":{"line":95,"column":3}},"line":68},"3":{"name":"(anonymous_3)","decl":{"start":{"line":74,"column":45},"end":{"line":74,"column":46}},"loc":{"start":{"line":74,"column":51},"end":{"line":76,"column":7}},"line":74},"4":{"name":"(anonymous_4)","decl":{"start":{"line":78,"column":49},"end":{"line":78,"column":50}},"loc":{"start":{"line":78,"column":55},"end":{"line":83,"column":7}},"line":78},"5":{"name":"(anonymous_5)","decl":{"start":{"line":85,"column":47},"end":{"line":85,"column":48}},"loc":{"start":{"line":85,"column":53},"end":{"line":89,"column":7}},"line":85},"6":{"name":"(anonymous_6)","decl":{"start":{"line":91,"column":50},"end":{"line":91,"column":51}},"loc":{"start":{"line":91,"column":56},"end":{"line":93,"column":7}},"line":91},"7":{"name":"(anonymous_7)","decl":{"start":{"line":97,"column":2},"end":{"line":97,"column":3}},"loc":{"start":{"line":97,"column":16},"end":{"line":127,"column":3}},"line":97},"8":{"name":"(anonymous_8)","decl":{"start":{"line":100,"column":36},"end":{"line":100,"column":37}},"loc":{"start":{"line":100,"column":42},"end":{"line":102,"column":5}},"line":100},"9":{"name":"(anonymous_9)","decl":{"start":{"line":106,"column":35},"end":{"line":106,"column":36}},"loc":{"start":{"line":106,"column":41},"end":{"line":108,"column":5}},"line":106},"10":{"name":"(anonymous_10)","decl":{"start":{"line":111,"column":45},"end":{"line":111,"column":46}},"loc":{"start":{"line":111,"column":51},"end":{"line":111,"column":71}},"line":111},"11":{"name":"(anonymous_11)","decl":{"start":{"line":113,"column":34},"end":{"line":113,"column":35}},"loc":{"start":{"line":113,"column":46},"end":{"line":115,"column":5}},"line":113},"12":{"name":"(anonymous_12)","decl":{"start":{"line":117,"column":38},"end":{"line":117,"column":39}},"loc":{"start":{"line":117,"column":44},"end":{"line":117,"column":78}},"line":117},"13":{"name":"(anonymous_13)","decl":{"start":{"line":119,"column":39},"end":{"line":119,"column":40}},"loc":{"start":{"line":119,"column":45},"end":{"line":124,"column":5}},"line":119},"14":{"name":"(anonymous_14)","decl":{"start":{"line":129,"column":2},"end":{"line":129,"column":3}},"loc":{"start":{"line":129,"column":13},"end":{"line":133,"column":3}},"line":129},"15":{"name":"(anonymous_15)","decl":{"start":{"line":135,"column":2},"end":{"line":135,"column":3}},"loc":{"start":{"line":135,"column":15},"end":{"line":139,"column":3}},"line":135},"16":{"name":"(anonymous_16)","decl":{"start":{"line":141,"column":2},"end":{"line":141,"column":3}},"loc":{"start":{"line":141,"column":11},"end":{"line":146,"column":3}},"line":141}},"branchMap":{"0":{"loc":{"start":{"line":20,"column":30},"end":{"line":20,"column":88}},"type":"binary-expr","locations":[{"start":{"line":20,"column":30},"end":{"line":20,"column":54}},{"start":{"line":20,"column":58},"end":{"line":20,"column":88}}],"line":20},"1":{"loc":{"start":{"line":21,"column":4},"end":{"line":27,"column":5}},"type":"if","locations":[{"start":{"line":21,"column":4},"end":{"line":27,"column":5}},{"start":{"line":21,"column":4},"end":{"line":27,"column":5}}],"line":21},"2":{"loc":{"start":{"line":40,"column":4},"end":{"line":65,"column":5}},"type":"if","locations":[{"start":{"line":40,"column":4},"end":{"line":65,"column":5}},{"start":{"line":40,"column":4},"end":{"line":65,"column":5}}],"line":40},"3":{"loc":{"start":{"line":41,"column":6},"end":{"line":58,"column":7}},"type":"if","locations":[{"start":{"line":41,"column":6},"end":{"line":58,"column":7}},{"start":{"line":41,"column":6},"end":{"line":58,"column":7}}],"line":41},"4":{"loc":{"start":{"line":47,"column":8},"end":{"line":49,"column":9}},"type":"if","locations":[{"start":{"line":47,"column":8},"end":{"line":49,"column":9}},{"start":{"line":47,"column":8},"end":{"line":49,"column":9}}],"line":47},"5":{"loc":{"start":{"line":61,"column":11},"end":{"line":65,"column":5}},"type":"if","locations":[{"start":{"line":61,"column":11},"end":{"line":65,"column":5}},{"start":{"line":61,"column":11},"end":{"line":65,"column":5}}],"line":61},"6":{"loc":{"start":{"line":62,"column":6},"end":{"line":64,"column":7}},"type":"if","locations":[{"start":{"line":62,"column":6},"end":{"line":64,"column":7}},{"start":{"line":62,"column":6},"end":{"line":64,"column":7}}],"line":62},"7":{"loc":{"start":{"line":71,"column":4},"end":{"line":94,"column":5}},"type":"if","locations":[{"start":{"line":71,"column":4},"end":{"line":94,"column":5}},{"start":{"line":71,"column":4},"end":{"line":94,"column":5}}],"line":71}},"s":{"0":15,"1":15,"2":15,"3":15,"4":15,"5":15,"6":15,"7":15,"8":15,"9":15,"10":15,"11":15,"12":15,"13":15,"14":15,"15":15,"16":15,"17":15,"18":5,"19":3,"20":1,"21":1,"22":2,"23":2,"24":1,"25":1,"26":1,"27":1,"28":1,"29":1,"30":1,"31":2,"32":2,"33":2,"34":1,"35":12,"36":12,"37":12,"38":12,"39":1,"40":12,"41":1,"42":1,"43":1,"44":1,"45":12,"46":1,"47":1,"48":1,"49":12,"50":0,"51":9,"52":9,"53":9,"54":9,"55":9,"56":1,"57":9,"58":9,"59":0,"60":9,"61":0,"62":9,"63":5,"64":9,"65":1,"66":1,"67":1,"68":9,"69":1,"70":1,"71":1,"72":1,"73":1,"74":1},"f":{"0":15,"1":5,"2":12,"3":1,"4":1,"5":1,"6":0,"7":9,"8":9,"9":1,"10":0,"11":0,"12":5,"13":1,"14":1,"15":1,"16":1},"b":{"0":[15,0],"1":[15,0],"2":[3,2],"3":[1,2],"4":[1,1],"5":[2,0],"6":[1,1],"7":[12,0]},"_coverageSchema":"43e27e138ebf9cfc5966b082cf9a028302ed4184","hash":"afe91f1078e105513d64927df829f0287db5e6b3"}
,"/mnt/d/dev/projects/slack-chat/src/js/components/MemberList.js": {"path":"/mnt/d/dev/projects/slack-chat/src/js/components/MemberList.js","statementMap":{"0":{"start":{"line":8,"column":4},"end":{"line":12,"column":7}},"1":{"start":{"line":14,"column":4},"end":{"line":17,"column":6}},"2":{"start":{"line":19,"column":4},"end":{"line":19,"column":17}},"3":{"start":{"line":20,"column":4},"end":{"line":20,"column":25}},"4":{"start":{"line":22,"column":4},"end":{"line":22,"column":69}},"5":{"start":{"line":23,"column":4},"end":{"line":23,"column":77}},"6":{"start":{"line":25,"column":4},"end":{"line":25,"column":56}},"7":{"start":{"line":26,"column":4},"end":{"line":26,"column":58}},"8":{"start":{"line":27,"column":4},"end":{"line":27,"column":57}},"9":{"start":{"line":28,"column":4},"end":{"line":28,"column":58}},"10":{"start":{"line":29,"column":4},"end":{"line":29,"column":60}},"11":{"start":{"line":33,"column":18},"end":{"line":33,"column":63}},"12":{"start":{"line":35,"column":4},"end":{"line":41,"column":7}},"13":{"start":{"line":36,"column":6},"end":{"line":40,"column":9}},"14":{"start":{"line":37,"column":8},"end":{"line":37,"column":28}},"15":{"start":{"line":39,"column":8},"end":{"line":39,"column":43}},"16":{"start":{"line":45,"column":19},"end":{"line":45,"column":60}},"17":{"start":{"line":45,"column":48},"end":{"line":45,"column":59}},"18":{"start":{"line":47,"column":4},"end":{"line":52,"column":7}},"19":{"start":{"line":49,"column":8},"end":{"line":49,"column":73}},"20":{"start":{"line":54,"column":4},"end":{"line":54,"column":43}},"21":{"start":{"line":55,"column":4},"end":{"line":55,"column":45}},"22":{"start":{"line":59,"column":19},"end":{"line":59,"column":72}},"23":{"start":{"line":59,"column":48},"end":{"line":59,"column":71}},"24":{"start":{"line":61,"column":4},"end":{"line":63,"column":5}},"25":{"start":{"line":62,"column":6},"end":{"line":62,"column":13}},"26":{"start":{"line":65,"column":4},"end":{"line":65,"column":33}},"27":{"start":{"line":69,"column":20},"end":{"line":69,"column":49}},"28":{"start":{"line":70,"column":23},"end":{"line":70,"column":39}},"29":{"start":{"line":72,"column":4},"end":{"line":80,"column":7}},"30":{"start":{"line":74,"column":38},"end":{"line":79,"column":7}},"31":{"start":{"line":82,"column":4},"end":{"line":82,"column":55}},"32":{"start":{"line":86,"column":4},"end":{"line":92,"column":7}},"33":{"start":{"line":88,"column":8},"end":{"line":90,"column":62}},"34":{"start":{"line":96,"column":4},"end":{"line":98,"column":5}},"35":{"start":{"line":96,"column":42},"end":{"line":96,"column":63}},"36":{"start":{"line":97,"column":6},"end":{"line":97,"column":13}},"37":{"start":{"line":100,"column":4},"end":{"line":109,"column":7}},"38":{"start":{"line":111,"column":4},"end":{"line":111,"column":55}},"39":{"start":{"line":115,"column":4},"end":{"line":117,"column":7}},"40":{"start":{"line":116,"column":51},"end":{"line":116,"column":84}},"41":{"start":{"line":118,"column":4},"end":{"line":118,"column":54}},"42":{"start":{"line":122,"column":4},"end":{"line":126,"column":7}},"43":{"start":{"line":124,"column":8},"end":{"line":124,"column":75}},"44":{"start":{"line":130,"column":33},"end":{"line":130,"column":49}},"45":{"start":{"line":131,"column":29},"end":{"line":131,"column":47}},"46":{"start":{"line":132,"column":30},"end":{"line":132,"column":40}},"47":{"start":{"line":134,"column":4},"end":{"line":136,"column":5}},"48":{"start":{"line":135,"column":6},"end":{"line":135,"column":13}},"49":{"start":{"line":138,"column":4},"end":{"line":146,"column":5}},"50":{"start":{"line":145,"column":6},"end":{"line":145,"column":53}},"51":{"start":{"line":150,"column":20},"end":{"line":153,"column":44}},"52":{"start":{"line":151,"column":22},"end":{"line":151,"column":80}},"53":{"start":{"line":152,"column":22},"end":{"line":152,"column":58}},"54":{"start":{"line":153,"column":22},"end":{"line":153,"column":43}},"55":{"start":{"line":154,"column":4},"end":{"line":154,"column":48}},"56":{"start":{"line":155,"column":4},"end":{"line":155,"column":23}}},"fnMap":{"0":{"name":"(anonymous_0)","decl":{"start":{"line":7,"column":2},"end":{"line":7,"column":3}},"loc":{"start":{"line":7,"column":26},"end":{"line":30,"column":3}},"line":7},"1":{"name":"(anonymous_1)","decl":{"start":{"line":32,"column":2},"end":{"line":32,"column":3}},"loc":{"start":{"line":32,"column":16},"end":{"line":42,"column":3}},"line":32},"2":{"name":"(anonymous_2)","decl":{"start":{"line":35,"column":23},"end":{"line":35,"column":24}},"loc":{"start":{"line":35,"column":31},"end":{"line":41,"column":5}},"line":35},"3":{"name":"(anonymous_3)","decl":{"start":{"line":36,"column":37},"end":{"line":36,"column":38}},"loc":{"start":{"line":36,"column":43},"end":{"line":40,"column":7}},"line":36},"4":{"name":"(anonymous_4)","decl":{"start":{"line":44,"column":2},"end":{"line":44,"column":3}},"loc":{"start":{"line":44,"column":19},"end":{"line":56,"column":3}},"line":44},"5":{"name":"(anonymous_5)","decl":{"start":{"line":45,"column":43},"end":{"line":45,"column":44}},"loc":{"start":{"line":45,"column":48},"end":{"line":45,"column":59}},"line":45},"6":{"name":"(anonymous_6)","decl":{"start":{"line":48,"column":38},"end":{"line":48,"column":39}},"loc":{"start":{"line":49,"column":8},"end":{"line":49,"column":73}},"line":49},"7":{"name":"(anonymous_7)","decl":{"start":{"line":58,"column":2},"end":{"line":58,"column":3}},"loc":{"start":{"line":58,"column":29},"end":{"line":66,"column":3}},"line":58},"8":{"name":"(anonymous_8)","decl":{"start":{"line":59,"column":43},"end":{"line":59,"column":44}},"loc":{"start":{"line":59,"column":48},"end":{"line":59,"column":71}},"line":59},"9":{"name":"(anonymous_9)","decl":{"start":{"line":68,"column":2},"end":{"line":68,"column":3}},"loc":{"start":{"line":68,"column":31},"end":{"line":83,"column":3}},"line":68},"10":{"name":"(anonymous_10)","decl":{"start":{"line":74,"column":27},"end":{"line":74,"column":28}},"loc":{"start":{"line":74,"column":38},"end":{"line":79,"column":7}},"line":74},"11":{"name":"(anonymous_11)","decl":{"start":{"line":85,"column":2},"end":{"line":85,"column":3}},"loc":{"start":{"line":85,"column":31},"end":{"line":93,"column":3}},"line":85},"12":{"name":"(anonymous_12)","decl":{"start":{"line":87,"column":38},"end":{"line":87,"column":39}},"loc":{"start":{"line":88,"column":8},"end":{"line":90,"column":62}},"line":88},"13":{"name":"(anonymous_13)","decl":{"start":{"line":95,"column":2},"end":{"line":95,"column":3}},"loc":{"start":{"line":95,"column":23},"end":{"line":112,"column":3}},"line":95},"14":{"name":"(anonymous_14)","decl":{"start":{"line":96,"column":32},"end":{"line":96,"column":33}},"loc":{"start":{"line":96,"column":42},"end":{"line":96,"column":63}},"line":96},"15":{"name":"(anonymous_15)","decl":{"start":{"line":114,"column":2},"end":{"line":114,"column":3}},"loc":{"start":{"line":114,"column":24},"end":{"line":119,"column":3}},"line":114},"16":{"name":"(anonymous_16)","decl":{"start":{"line":116,"column":41},"end":{"line":116,"column":42}},"loc":{"start":{"line":116,"column":51},"end":{"line":116,"column":84}},"line":116},"17":{"name":"(anonymous_17)","decl":{"start":{"line":121,"column":2},"end":{"line":121,"column":3}},"loc":{"start":{"line":121,"column":23},"end":{"line":127,"column":3}},"line":121},"18":{"name":"(anonymous_18)","decl":{"start":{"line":123,"column":38},"end":{"line":123,"column":39}},"loc":{"start":{"line":124,"column":8},"end":{"line":124,"column":75}},"line":124},"19":{"name":"(anonymous_19)","decl":{"start":{"line":129,"column":2},"end":{"line":129,"column":3}},"loc":{"start":{"line":129,"column":24},"end":{"line":147,"column":3}},"line":129},"20":{"name":"(anonymous_20)","decl":{"start":{"line":149,"column":2},"end":{"line":149,"column":3}},"loc":{"start":{"line":149,"column":11},"end":{"line":156,"column":3}},"line":149},"21":{"name":"(anonymous_21)","decl":{"start":{"line":151,"column":11},"end":{"line":151,"column":12}},"loc":{"start":{"line":151,"column":22},"end":{"line":151,"column":80}},"line":151},"22":{"name":"(anonymous_22)","decl":{"start":{"line":152,"column":12},"end":{"line":152,"column":13}},"loc":{"start":{"line":152,"column":22},"end":{"line":152,"column":58}},"line":152},"23":{"name":"(anonymous_23)","decl":{"start":{"line":153,"column":12},"end":{"line":153,"column":13}},"loc":{"start":{"line":153,"column":22},"end":{"line":153,"column":43}},"line":153}},"branchMap":{"0":{"loc":{"start":{"line":49,"column":8},"end":{"line":49,"column":73}},"type":"cond-expr","locations":[{"start":{"line":49,"column":22},"end":{"line":49,"column":23}},{"start":{"line":49,"column":26},"end":{"line":49,"column":73}}],"line":49},"1":{"loc":{"start":{"line":61,"column":4},"end":{"line":63,"column":5}},"type":"if","locations":[{"start":{"line":61,"column":4},"end":{"line":63,"column":5}},{"start":{"line":61,"column":4},"end":{"line":63,"column":5}}],"line":61},"2":{"loc":{"start":{"line":88,"column":8},"end":{"line":90,"column":62}},"type":"cond-expr","locations":[{"start":{"line":89,"column":12},"end":{"line":89,"column":18}},{"start":{"line":90,"column":12},"end":{"line":90,"column":62}}],"line":88},"3":{"loc":{"start":{"line":96,"column":4},"end":{"line":98,"column":5}},"type":"if","locations":[{"start":{"line":96,"column":4},"end":{"line":98,"column":5}},{"start":{"line":96,"column":4},"end":{"line":98,"column":5}}],"line":96},"4":{"loc":{"start":{"line":124,"column":8},"end":{"line":124,"column":75}},"type":"cond-expr","locations":[{"start":{"line":124,"column":32},"end":{"line":124,"column":38}},{"start":{"line":124,"column":41},"end":{"line":124,"column":75}}],"line":124},"5":{"loc":{"start":{"line":134,"column":4},"end":{"line":136,"column":5}},"type":"if","locations":[{"start":{"line":134,"column":4},"end":{"line":136,"column":5}},{"start":{"line":134,"column":4},"end":{"line":136,"column":5}}],"line":134},"6":{"loc":{"start":{"line":138,"column":4},"end":{"line":146,"column":5}},"type":"if","locations":[{"start":{"line":138,"column":4},"end":{"line":146,"column":5}},{"start":{"line":138,"column":4},"end":{"line":146,"column":5}}],"line":138},"7":{"loc":{"start":{"line":139,"column":6},"end":{"line":143,"column":54}},"type":"binary-expr","locations":[{"start":{"line":139,"column":7},"end":{"line":139,"column":25}},{"start":{"line":139,"column":29},"end":{"line":139,"column":45}},{"start":{"line":140,"column":7},"end":{"line":140,"column":24}},{"start":{"line":141,"column":8},"end":{"line":141,"column":24}},{"start":{"line":142,"column":8},"end":{"line":142,"column":51}},{"start":{"line":143,"column":8},"end":{"line":143,"column":53}}],"line":139}},"s":{"0":14,"1":14,"2":14,"3":14,"4":14,"5":14,"6":14,"7":14,"8":14,"9":14,"10":14,"11":10,"12":10,"13":37,"14":0,"15":0,"16":2,"17":2,"18":2,"19":10,"20":2,"21":2,"22":2,"23":6,"24":2,"25":1,"26":1,"27":1,"28":1,"29":1,"30":5,"31":1,"32":3,"33":2,"34":2,"35":6,"36":1,"37":1,"38":1,"39":1,"40":5,"41":1,"42":1,"43":5,"44":4,"45":4,"46":4,"47":4,"48":1,"49":3,"50":2,"51":10,"52":37,"53":69,"54":29,"55":10,"56":10},"f":{"0":14,"1":10,"2":37,"3":0,"4":2,"5":2,"6":10,"7":2,"8":6,"9":1,"10":5,"11":3,"12":2,"13":2,"14":6,"15":1,"16":5,"17":1,"18":5,"19":4,"20":10,"21":37,"22":69,"23":29},"b":{"0":[8,2],"1":[1,1],"2":[1,1],"3":[1,1],"4":[4,1],"5":[1,3],"6":[2,1],"7":[3,2,2,1,1,1]},"_coverageSchema":"43e27e138ebf9cfc5966b082cf9a028302ed4184","hash":"ab805c1864f8422949179a5af7be383d2c4d5947"}
,"/mnt/d/dev/projects/slack-chat/src/js/components/Menu.js": {"path":"/mnt/d/dev/projects/slack-chat/src/js/components/Menu.js","statementMap":{"0":{"start":{"line":6,"column":4},"end":{"line":6,"column":25}},"1":{"start":{"line":7,"column":4},"end":{"line":7,"column":27}},"2":{"start":{"line":9,"column":4},"end":{"line":9,"column":42}},"3":{"start":{"line":10,"column":4},"end":{"line":10,"column":16}},"4":{"start":{"line":11,"column":4},"end":{"line":11,"column":23}},"5":{"start":{"line":13,"column":4},"end":{"line":13,"column":41}},"6":{"start":{"line":15,"column":4},"end":{"line":15,"column":55}},"7":{"start":{"line":16,"column":4},"end":{"line":16,"column":40}},"8":{"start":{"line":20,"column":17},"end":{"line":20,"column":57}},"9":{"start":{"line":22,"column":4},"end":{"line":25,"column":7}},"10":{"start":{"line":23,"column":6},"end":{"line":23,"column":26}},"11":{"start":{"line":24,"column":6},"end":{"line":24,"column":21}},"12":{"start":{"line":27,"column":4},"end":{"line":35,"column":6}},"13":{"start":{"line":30,"column":8},"end":{"line":33,"column":9}},"14":{"start":{"line":31,"column":10},"end":{"line":31,"column":25}},"15":{"start":{"line":32,"column":10},"end":{"line":32,"column":57}},"16":{"start":{"line":39,"column":17},"end":{"line":39,"column":45}},"17":{"start":{"line":40,"column":17},"end":{"line":40,"column":44}},"18":{"start":{"line":42,"column":4},"end":{"line":42,"column":34}},"19":{"start":{"line":43,"column":4},"end":{"line":43,"column":53}},"20":{"start":{"line":44,"column":4},"end":{"line":44,"column":34}},"21":{"start":{"line":45,"column":4},"end":{"line":45,"column":20}},"22":{"start":{"line":46,"column":4},"end":{"line":46,"column":28}},"23":{"start":{"line":47,"column":4},"end":{"line":52,"column":7}},"24":{"start":{"line":48,"column":6},"end":{"line":48,"column":26}},"25":{"start":{"line":49,"column":6},"end":{"line":49,"column":27}},"26":{"start":{"line":50,"column":6},"end":{"line":50,"column":21}},"27":{"start":{"line":51,"column":6},"end":{"line":51,"column":11}},"28":{"start":{"line":53,"column":4},"end":{"line":53,"column":27}},"29":{"start":{"line":55,"column":4},"end":{"line":55,"column":32}},"30":{"start":{"line":56,"column":4},"end":{"line":56,"column":31}},"31":{"start":{"line":58,"column":4},"end":{"line":58,"column":16}},"32":{"start":{"line":62,"column":4},"end":{"line":62,"column":48}},"33":{"start":{"line":63,"column":4},"end":{"line":63,"column":28}},"34":{"start":{"line":65,"column":4},"end":{"line":65,"column":16}},"35":{"start":{"line":69,"column":4},"end":{"line":69,"column":29}},"36":{"start":{"line":70,"column":4},"end":{"line":70,"column":23}},"37":{"start":{"line":72,"column":4},"end":{"line":72,"column":16}},"38":{"start":{"line":76,"column":25},"end":{"line":76,"column":60}},"39":{"start":{"line":78,"column":4},"end":{"line":82,"column":5}},"40":{"start":{"line":79,"column":6},"end":{"line":79,"column":74}},"41":{"start":{"line":81,"column":6},"end":{"line":81,"column":71}},"42":{"start":{"line":84,"column":4},"end":{"line":88,"column":5}},"43":{"start":{"line":85,"column":6},"end":{"line":85,"column":73}},"44":{"start":{"line":87,"column":6},"end":{"line":87,"column":68}},"45":{"start":{"line":90,"column":15},"end":{"line":90,"column":57}},"46":{"start":{"line":91,"column":14},"end":{"line":91,"column":38}},"47":{"start":{"line":93,"column":4},"end":{"line":95,"column":5}},"48":{"start":{"line":94,"column":6},"end":{"line":94,"column":56}},"49":{"start":{"line":97,"column":4},"end":{"line":99,"column":5}},"50":{"start":{"line":98,"column":6},"end":{"line":98,"column":59}},"51":{"start":{"line":101,"column":4},"end":{"line":101,"column":85}},"52":{"start":{"line":102,"column":4},"end":{"line":102,"column":81}},"53":{"start":{"line":104,"column":4},"end":{"line":104,"column":32}},"54":{"start":{"line":106,"column":4},"end":{"line":106,"column":16}},"55":{"start":{"line":110,"column":4},"end":{"line":110,"column":32}},"56":{"start":{"line":111,"column":4},"end":{"line":111,"column":43}},"57":{"start":{"line":113,"column":4},"end":{"line":113,"column":16}},"58":{"start":{"line":117,"column":4},"end":{"line":117,"column":51}},"59":{"start":{"line":118,"column":4},"end":{"line":118,"column":21}},"60":{"start":{"line":119,"column":4},"end":{"line":119,"column":43}}},"fnMap":{"0":{"name":"(anonymous_0)","decl":{"start":{"line":5,"column":2},"end":{"line":5,"column":3}},"loc":{"start":{"line":5,"column":22},"end":{"line":17,"column":3}},"line":5},"1":{"name":"(anonymous_1)","decl":{"start":{"line":19,"column":2},"end":{"line":19,"column":3}},"loc":{"start":{"line":19,"column":16},"end":{"line":36,"column":3}},"line":19},"2":{"name":"(anonymous_2)","decl":{"start":{"line":22,"column":35},"end":{"line":22,"column":36}},"loc":{"start":{"line":22,"column":41},"end":{"line":25,"column":5}},"line":22},"3":{"name":"close","decl":{"start":{"line":29,"column":15},"end":{"line":29,"column":20}},"loc":{"start":{"line":29,"column":25},"end":{"line":34,"column":7}},"line":29},"4":{"name":"(anonymous_4)","decl":{"start":{"line":38,"column":2},"end":{"line":38,"column":3}},"loc":{"start":{"line":38,"column":26},"end":{"line":59,"column":3}},"line":38},"5":{"name":"(anonymous_5)","decl":{"start":{"line":47,"column":35},"end":{"line":47,"column":36}},"loc":{"start":{"line":47,"column":41},"end":{"line":52,"column":5}},"line":47},"6":{"name":"(anonymous_6)","decl":{"start":{"line":61,"column":2},"end":{"line":61,"column":3}},"loc":{"start":{"line":61,"column":15},"end":{"line":66,"column":3}},"line":61},"7":{"name":"(anonymous_7)","decl":{"start":{"line":68,"column":2},"end":{"line":68,"column":3}},"loc":{"start":{"line":68,"column":10},"end":{"line":73,"column":3}},"line":68},"8":{"name":"(anonymous_8)","decl":{"start":{"line":75,"column":2},"end":{"line":75,"column":3}},"loc":{"start":{"line":75,"column":19},"end":{"line":107,"column":3}},"line":75},"9":{"name":"(anonymous_9)","decl":{"start":{"line":109,"column":2},"end":{"line":109,"column":3}},"loc":{"start":{"line":109,"column":9},"end":{"line":114,"column":3}},"line":109},"10":{"name":"(anonymous_10)","decl":{"start":{"line":116,"column":2},"end":{"line":116,"column":3}},"loc":{"start":{"line":116,"column":12},"end":{"line":120,"column":3}},"line":116}},"branchMap":{"0":{"loc":{"start":{"line":30,"column":8},"end":{"line":33,"column":9}},"type":"if","locations":[{"start":{"line":30,"column":8},"end":{"line":33,"column":9}},{"start":{"line":30,"column":8},"end":{"line":33,"column":9}}],"line":30},"1":{"loc":{"start":{"line":30,"column":12},"end":{"line":30,"column":42}},"type":"binary-expr","locations":[{"start":{"line":30,"column":12},"end":{"line":30,"column":21}},{"start":{"line":30,"column":25},"end":{"line":30,"column":42}}],"line":30},"2":{"loc":{"start":{"line":43,"column":22},"end":{"line":43,"column":52}},"type":"cond-expr","locations":[{"start":{"line":43,"column":33},"end":{"line":43,"column":47}},{"start":{"line":43,"column":50},"end":{"line":43,"column":52}}],"line":43},"3":{"loc":{"start":{"line":75,"column":7},"end":{"line":75,"column":17}},"type":"default-arg","locations":[{"start":{"line":75,"column":15},"end":{"line":75,"column":17}}],"line":75},"4":{"loc":{"start":{"line":78,"column":4},"end":{"line":82,"column":5}},"type":"if","locations":[{"start":{"line":78,"column":4},"end":{"line":82,"column":5}},{"start":{"line":78,"column":4},"end":{"line":82,"column":5}}],"line":78},"5":{"loc":{"start":{"line":81,"column":29},"end":{"line":81,"column":70}},"type":"binary-expr","locations":[{"start":{"line":81,"column":29},"end":{"line":81,"column":49}},{"start":{"line":81,"column":53},"end":{"line":81,"column":70}}],"line":81},"6":{"loc":{"start":{"line":84,"column":4},"end":{"line":88,"column":5}},"type":"if","locations":[{"start":{"line":84,"column":4},"end":{"line":88,"column":5}},{"start":{"line":84,"column":4},"end":{"line":88,"column":5}}],"line":84},"7":{"loc":{"start":{"line":87,"column":28},"end":{"line":87,"column":67}},"type":"binary-expr","locations":[{"start":{"line":87,"column":28},"end":{"line":87,"column":47}},{"start":{"line":87,"column":51},"end":{"line":87,"column":67}}],"line":87},"8":{"loc":{"start":{"line":90,"column":15},"end":{"line":90,"column":57}},"type":"cond-expr","locations":[{"start":{"line":90,"column":35},"end":{"line":90,"column":52}},{"start":{"line":90,"column":55},"end":{"line":90,"column":57}}],"line":90},"9":{"loc":{"start":{"line":93,"column":4},"end":{"line":95,"column":5}},"type":"if","locations":[{"start":{"line":93,"column":4},"end":{"line":95,"column":5}},{"start":{"line":93,"column":4},"end":{"line":95,"column":5}}],"line":93},"10":{"loc":{"start":{"line":97,"column":4},"end":{"line":99,"column":5}},"type":"if","locations":[{"start":{"line":97,"column":4},"end":{"line":99,"column":5}},{"start":{"line":97,"column":4},"end":{"line":99,"column":5}}],"line":97},"11":{"loc":{"start":{"line":101,"column":27},"end":{"line":101,"column":84}},"type":"cond-expr","locations":[{"start":{"line":101,"column":50},"end":{"line":101,"column":70}},{"start":{"line":101,"column":73},"end":{"line":101,"column":84}}],"line":101},"12":{"loc":{"start":{"line":102,"column":26},"end":{"line":102,"column":80}},"type":"cond-expr","locations":[{"start":{"line":102,"column":48},"end":{"line":102,"column":67}},{"start":{"line":102,"column":70},"end":{"line":102,"column":80}}],"line":102}},"s":{"0":8,"1":8,"2":8,"3":8,"4":8,"5":8,"6":8,"7":8,"8":8,"9":8,"10":1,"11":1,"12":8,"13":2,"14":1,"15":1,"16":3,"17":3,"18":3,"19":3,"20":3,"21":3,"22":3,"23":3,"24":1,"25":1,"26":1,"27":1,"28":3,"29":3,"30":3,"31":3,"32":1,"33":1,"34":1,"35":1,"36":1,"37":1,"38":1,"39":1,"40":0,"41":1,"42":1,"43":0,"44":1,"45":1,"46":1,"47":1,"48":0,"49":1,"50":0,"51":1,"52":1,"53":1,"54":1,"55":9,"56":9,"57":9,"58":8,"59":8,"60":8},"f":{"0":8,"1":8,"2":1,"3":2,"4":3,"5":1,"6":1,"7":1,"8":1,"9":9,"10":8},"b":{"0":[1,1],"1":[2,1],"2":[3,0],"3":[1],"4":[0,1],"5":[1,0],"6":[0,1],"7":[1,0],"8":[0,1],"9":[0,1],"10":[0,1],"11":[0,1],"12":[0,1]},"_coverageSchema":"43e27e138ebf9cfc5966b082cf9a028302ed4184","hash":"8973bbabc3ddfaaa89008864e6c6a7b44c936acb"}
,"/mnt/d/dev/projects/slack-chat/src/js/components/MessageList.js": {"path":"/mnt/d/dev/projects/slack-chat/src/js/components/MessageList.js","statementMap":{"0":{"start":{"line":12,"column":4},"end":{"line":15,"column":7}},"1":{"start":{"line":17,"column":4},"end":{"line":19,"column":6}},"2":{"start":{"line":20,"column":4},"end":{"line":20,"column":17}},"3":{"start":{"line":21,"column":4},"end":{"line":21,"column":25}},"4":{"start":{"line":23,"column":4},"end":{"line":23,"column":73}},"5":{"start":{"line":24,"column":4},"end":{"line":24,"column":71}},"6":{"start":{"line":25,"column":4},"end":{"line":25,"column":23}},"7":{"start":{"line":27,"column":4},"end":{"line":27,"column":63}},"8":{"start":{"line":28,"column":4},"end":{"line":28,"column":64}},"9":{"start":{"line":29,"column":4},"end":{"line":29,"column":60}},"10":{"start":{"line":30,"column":4},"end":{"line":30,"column":62}},"11":{"start":{"line":31,"column":4},"end":{"line":31,"column":66}},"12":{"start":{"line":32,"column":4},"end":{"line":32,"column":60}},"13":{"start":{"line":34,"column":4},"end":{"line":34,"column":69}},"14":{"start":{"line":35,"column":4},"end":{"line":35,"column":71}},"15":{"start":{"line":36,"column":4},"end":{"line":36,"column":79}},"16":{"start":{"line":37,"column":4},"end":{"line":37,"column":71}},"17":{"start":{"line":38,"column":4},"end":{"line":38,"column":80}},"18":{"start":{"line":39,"column":4},"end":{"line":39,"column":75}},"19":{"start":{"line":40,"column":4},"end":{"line":40,"column":63}},"20":{"start":{"line":41,"column":4},"end":{"line":41,"column":69}},"21":{"start":{"line":42,"column":4},"end":{"line":42,"column":67}},"22":{"start":{"line":46,"column":24},"end":{"line":46,"column":53}},"23":{"start":{"line":48,"column":4},"end":{"line":50,"column":5}},"24":{"start":{"line":49,"column":6},"end":{"line":49,"column":13}},"25":{"start":{"line":52,"column":22},"end":{"line":52,"column":44}},"26":{"start":{"line":53,"column":24},"end":{"line":53,"column":85}},"27":{"start":{"line":55,"column":4},"end":{"line":65,"column":5}},"28":{"start":{"line":56,"column":22},"end":{"line":56,"column":75}},"29":{"start":{"line":56,"column":54},"end":{"line":56,"column":74}},"30":{"start":{"line":57,"column":25},"end":{"line":57,"column":41}},"31":{"start":{"line":59,"column":6},"end":{"line":61,"column":7}},"32":{"start":{"line":60,"column":8},"end":{"line":60,"column":15}},"33":{"start":{"line":63,"column":27},"end":{"line":63,"column":70}},"34":{"start":{"line":64,"column":6},"end":{"line":64,"column":98}},"35":{"start":{"line":69,"column":24},"end":{"line":69,"column":53}},"36":{"start":{"line":71,"column":4},"end":{"line":73,"column":5}},"37":{"start":{"line":72,"column":6},"end":{"line":72,"column":13}},"38":{"start":{"line":75,"column":16},"end":{"line":75,"column":20}},"39":{"start":{"line":76,"column":4},"end":{"line":78,"column":5}},"40":{"start":{"line":77,"column":6},"end":{"line":77,"column":64}},"41":{"start":{"line":80,"column":18},"end":{"line":80,"column":69}},"42":{"start":{"line":81,"column":4},"end":{"line":85,"column":7}},"43":{"start":{"line":82,"column":6},"end":{"line":84,"column":7}},"44":{"start":{"line":83,"column":8},"end":{"line":83,"column":45}},"45":{"start":{"line":89,"column":4},"end":{"line":89,"column":73}},"46":{"start":{"line":90,"column":4},"end":{"line":90,"column":71}},"47":{"start":{"line":92,"column":21},"end":{"line":111,"column":6}},"48":{"start":{"line":93,"column":6},"end":{"line":110,"column":9}},"49":{"start":{"line":94,"column":8},"end":{"line":96,"column":9}},"50":{"start":{"line":95,"column":10},"end":{"line":95,"column":17}},"51":{"start":{"line":98,"column":21},"end":{"line":98,"column":43}},"52":{"start":{"line":99,"column":8},"end":{"line":101,"column":9}},"53":{"start":{"line":100,"column":10},"end":{"line":100,"column":17}},"54":{"start":{"line":103,"column":22},"end":{"line":103,"column":66}},"55":{"start":{"line":104,"column":8},"end":{"line":104,"column":71}},"56":{"start":{"line":105,"column":8},"end":{"line":105,"column":22}},"57":{"start":{"line":106,"column":8},"end":{"line":109,"column":14}},"58":{"start":{"line":107,"column":10},"end":{"line":107,"column":52}},"59":{"start":{"line":108,"column":10},"end":{"line":108,"column":50}},"60":{"start":{"line":113,"column":4},"end":{"line":115,"column":7}},"61":{"start":{"line":119,"column":23},"end":{"line":124,"column":6}},"62":{"start":{"line":126,"column":4},"end":{"line":128,"column":7}},"63":{"start":{"line":132,"column":29},"end":{"line":132,"column":47}},"64":{"start":{"line":133,"column":33},"end":{"line":133,"column":49}},"65":{"start":{"line":134,"column":30},"end":{"line":134,"column":40}},"66":{"start":{"line":136,"column":4},"end":{"line":146,"column":5}},"67":{"start":{"line":145,"column":6},"end":{"line":145,"column":13}},"68":{"start":{"line":148,"column":4},"end":{"line":150,"column":7}},"69":{"start":{"line":154,"column":4},"end":{"line":165,"column":7}},"70":{"start":{"line":156,"column":8},"end":{"line":163,"column":14}},"71":{"start":{"line":169,"column":20},"end":{"line":169,"column":66}},"72":{"start":{"line":169,"column":52},"end":{"line":169,"column":65}},"73":{"start":{"line":171,"column":4},"end":{"line":173,"column":5}},"74":{"start":{"line":172,"column":6},"end":{"line":172,"column":13}},"75":{"start":{"line":175,"column":4},"end":{"line":175,"column":32}},"76":{"start":{"line":179,"column":21},"end":{"line":189,"column":7}},"77":{"start":{"line":180,"column":21},"end":{"line":180,"column":60}},"78":{"start":{"line":183,"column":10},"end":{"line":188,"column":12}},"79":{"start":{"line":191,"column":4},"end":{"line":196,"column":7}},"80":{"start":{"line":193,"column":45},"end":{"line":193,"column":84}},"81":{"start":{"line":200,"column":4},"end":{"line":202,"column":7}},"82":{"start":{"line":206,"column":4},"end":{"line":208,"column":7}},"83":{"start":{"line":207,"column":48},"end":{"line":207,"column":85}},"84":{"start":{"line":212,"column":4},"end":{"line":212,"column":29}},"85":{"start":{"line":216,"column":4},"end":{"line":216,"column":29}},"86":{"start":{"line":220,"column":4},"end":{"line":220,"column":29}},"87":{"start":{"line":222,"column":4},"end":{"line":224,"column":5}},"88":{"start":{"line":223,"column":6},"end":{"line":223,"column":44}},"89":{"start":{"line":228,"column":23},"end":{"line":228,"column":39}},"90":{"start":{"line":229,"column":20},"end":{"line":231,"column":77}},"91":{"start":{"line":230,"column":22},"end":{"line":230,"column":87}},"92":{"start":{"line":231,"column":19},"end":{"line":231,"column":76}},"93":{"start":{"line":233,"column":4},"end":{"line":235,"column":5}},"94":{"start":{"line":234,"column":6},"end":{"line":234,"column":13}},"95":{"start":{"line":237,"column":4},"end":{"line":247,"column":7}},"96":{"start":{"line":239,"column":8},"end":{"line":245,"column":14}},"97":{"start":{"line":251,"column":4},"end":{"line":251,"column":32}},"98":{"start":{"line":252,"column":4},"end":{"line":252,"column":47}},"99":{"start":{"line":257,"column":16},"end":{"line":257,"column":75}},"100":{"start":{"line":257,"column":53},"end":{"line":257,"column":74}},"101":{"start":{"line":259,"column":4},"end":{"line":259,"column":40}},"102":{"start":{"line":260,"column":4},"end":{"line":260,"column":72}},"103":{"start":{"line":260,"column":49},"end":{"line":260,"column":70}},"104":{"start":{"line":262,"column":4},"end":{"line":268,"column":5}},"105":{"start":{"line":263,"column":6},"end":{"line":267,"column":8}},"106":{"start":{"line":270,"column":4},"end":{"line":270,"column":32}},"107":{"start":{"line":274,"column":4},"end":{"line":274,"column":29}},"108":{"start":{"line":275,"column":4},"end":{"line":277,"column":7}},"109":{"start":{"line":276,"column":40},"end":{"line":276,"column":60}},"110":{"start":{"line":278,"column":4},"end":{"line":278,"column":22}},"111":{"start":{"line":282,"column":4},"end":{"line":282,"column":29}},"112":{"start":{"line":284,"column":19},"end":{"line":284,"column":49}},"113":{"start":{"line":286,"column":4},"end":{"line":289,"column":8}},"114":{"start":{"line":286,"column":40},"end":{"line":289,"column":5}},"115":{"start":{"line":291,"column":4},"end":{"line":291,"column":38}},"116":{"start":{"line":295,"column":23},"end":{"line":295,"column":39}},"117":{"start":{"line":296,"column":19},"end":{"line":296,"column":70}},"118":{"start":{"line":298,"column":4},"end":{"line":301,"column":8}},"119":{"start":{"line":298,"column":40},"end":{"line":301,"column":5}},"120":{"start":{"line":303,"column":4},"end":{"line":303,"column":38}},"121":{"start":{"line":307,"column":23},"end":{"line":307,"column":46}},"122":{"start":{"line":308,"column":24},"end":{"line":308,"column":75}},"123":{"start":{"line":309,"column":23},"end":{"line":309,"column":39}},"124":{"start":{"line":311,"column":4},"end":{"line":313,"column":5}},"125":{"start":{"line":312,"column":6},"end":{"line":312,"column":13}},"126":{"start":{"line":315,"column":21},"end":{"line":315,"column":37}},"127":{"start":{"line":316,"column":19},"end":{"line":316,"column":89}},"128":{"start":{"line":318,"column":4},"end":{"line":324,"column":5}},"129":{"start":{"line":323,"column":6},"end":{"line":323,"column":53}},"130":{"start":{"line":329,"column":32},"end":{"line":329,"column":37}},"131":{"start":{"line":331,"column":4},"end":{"line":333,"column":5}},"132":{"start":{"line":332,"column":6},"end":{"line":332,"column":13}},"133":{"start":{"line":335,"column":4},"end":{"line":356,"column":9}},"134":{"start":{"line":336,"column":22},"end":{"line":336,"column":87}},"135":{"start":{"line":340,"column":8},"end":{"line":343,"column":9}},"136":{"start":{"line":341,"column":10},"end":{"line":341,"column":47}},"137":{"start":{"line":342,"column":10},"end":{"line":342,"column":25}},"138":{"start":{"line":345,"column":8},"end":{"line":351,"column":9}},"139":{"start":{"line":346,"column":10},"end":{"line":346,"column":60}},"140":{"start":{"line":347,"column":15},"end":{"line":351,"column":9}},"141":{"start":{"line":348,"column":10},"end":{"line":348,"column":56}},"142":{"start":{"line":350,"column":10},"end":{"line":350,"column":64}},"143":{"start":{"line":353,"column":8},"end":{"line":353,"column":45}},"144":{"start":{"line":355,"column":8},"end":{"line":355,"column":79}},"145":{"start":{"line":358,"column":4},"end":{"line":381,"column":7}},"146":{"start":{"line":359,"column":6},"end":{"line":362,"column":7}},"147":{"start":{"line":360,"column":8},"end":{"line":360,"column":45}},"148":{"start":{"line":361,"column":8},"end":{"line":361,"column":15}},"149":{"start":{"line":364,"column":6},"end":{"line":368,"column":7}},"150":{"start":{"line":365,"column":32},"end":{"line":365,"column":70}},"151":{"start":{"line":366,"column":8},"end":{"line":366,"column":47}},"152":{"start":{"line":367,"column":8},"end":{"line":367,"column":37}},"153":{"start":{"line":370,"column":6},"end":{"line":378,"column":7}},"154":{"start":{"line":371,"column":8},"end":{"line":371,"column":44}},"155":{"start":{"line":373,"column":21},"end":{"line":373,"column":75}},"156":{"start":{"line":375,"column":8},"end":{"line":377,"column":9}},"157":{"start":{"line":376,"column":10},"end":{"line":376,"column":41}},"158":{"start":{"line":380,"column":6},"end":{"line":380,"column":43}},"159":{"start":{"line":383,"column":4},"end":{"line":385,"column":6}},"160":{"start":{"line":384,"column":17},"end":{"line":384,"column":72}},"161":{"start":{"line":387,"column":4},"end":{"line":387,"column":18}}},"fnMap":{"0":{"name":"(anonymous_0)","decl":{"start":{"line":11,"column":2},"end":{"line":11,"column":3}},"loc":{"start":{"line":11,"column":26},"end":{"line":43,"column":3}},"line":11},"1":{"name":"(anonymous_1)","decl":{"start":{"line":45,"column":2},"end":{"line":45,"column":3}},"loc":{"start":{"line":45,"column":29},"end":{"line":66,"column":3}},"line":45},"2":{"name":"(anonymous_2)","decl":{"start":{"line":56,"column":47},"end":{"line":56,"column":48}},"loc":{"start":{"line":56,"column":54},"end":{"line":56,"column":74}},"line":56},"3":{"name":"(anonymous_3)","decl":{"start":{"line":68,"column":2},"end":{"line":68,"column":3}},"loc":{"start":{"line":68,"column":28},"end":{"line":86,"column":3}},"line":68},"4":{"name":"(anonymous_4)","decl":{"start":{"line":81,"column":18},"end":{"line":81,"column":19}},"loc":{"start":{"line":81,"column":26},"end":{"line":85,"column":5}},"line":81},"5":{"name":"(anonymous_5)","decl":{"start":{"line":88,"column":2},"end":{"line":88,"column":3}},"loc":{"start":{"line":88,"column":16},"end":{"line":116,"column":3}},"line":88},"6":{"name":"(anonymous_6)","decl":{"start":{"line":92,"column":42},"end":{"line":92,"column":43}},"loc":{"start":{"line":92,"column":55},"end":{"line":111,"column":5}},"line":92},"7":{"name":"(anonymous_7)","decl":{"start":{"line":93,"column":24},"end":{"line":93,"column":25}},"loc":{"start":{"line":93,"column":36},"end":{"line":110,"column":7}},"line":93},"8":{"name":"(anonymous_8)","decl":{"start":{"line":106,"column":19},"end":{"line":106,"column":20}},"loc":{"start":{"line":106,"column":25},"end":{"line":109,"column":9}},"line":106},"9":{"name":"(anonymous_9)","decl":{"start":{"line":118,"column":2},"end":{"line":118,"column":3}},"loc":{"start":{"line":118,"column":39},"end":{"line":129,"column":3}},"line":118},"10":{"name":"(anonymous_10)","decl":{"start":{"line":131,"column":2},"end":{"line":131,"column":3}},"loc":{"start":{"line":131,"column":24},"end":{"line":151,"column":3}},"line":131},"11":{"name":"(anonymous_11)","decl":{"start":{"line":153,"column":2},"end":{"line":153,"column":3}},"loc":{"start":{"line":153,"column":25},"end":{"line":166,"column":3}},"line":153},"12":{"name":"(anonymous_12)","decl":{"start":{"line":155,"column":40},"end":{"line":155,"column":41}},"loc":{"start":{"line":156,"column":8},"end":{"line":163,"column":14}},"line":156},"13":{"name":"(anonymous_13)","decl":{"start":{"line":168,"column":2},"end":{"line":168,"column":3}},"loc":{"start":{"line":168,"column":22},"end":{"line":176,"column":3}},"line":168},"14":{"name":"(anonymous_14)","decl":{"start":{"line":169,"column":45},"end":{"line":169,"column":46}},"loc":{"start":{"line":169,"column":52},"end":{"line":169,"column":65}},"line":169},"15":{"name":"(anonymous_15)","decl":{"start":{"line":178,"column":2},"end":{"line":178,"column":3}},"loc":{"start":{"line":178,"column":23},"end":{"line":197,"column":3}},"line":178},"16":{"name":"(anonymous_16)","decl":{"start":{"line":180,"column":14},"end":{"line":180,"column":15}},"loc":{"start":{"line":180,"column":21},"end":{"line":180,"column":60}},"line":180},"17":{"name":"(anonymous_17)","decl":{"start":{"line":182,"column":8},"end":{"line":182,"column":9}},"loc":{"start":{"line":183,"column":10},"end":{"line":188,"column":12}},"line":183},"18":{"name":"(anonymous_18)","decl":{"start":{"line":193,"column":38},"end":{"line":193,"column":39}},"loc":{"start":{"line":193,"column":45},"end":{"line":193,"column":84}},"line":193},"19":{"name":"(anonymous_19)","decl":{"start":{"line":199,"column":2},"end":{"line":199,"column":3}},"loc":{"start":{"line":199,"column":28},"end":{"line":203,"column":3}},"line":199},"20":{"name":"(anonymous_20)","decl":{"start":{"line":205,"column":2},"end":{"line":205,"column":3}},"loc":{"start":{"line":205,"column":22},"end":{"line":209,"column":3}},"line":205},"21":{"name":"(anonymous_21)","decl":{"start":{"line":207,"column":40},"end":{"line":207,"column":41}},"loc":{"start":{"line":207,"column":48},"end":{"line":207,"column":85}},"line":207},"22":{"name":"(anonymous_22)","decl":{"start":{"line":211,"column":2},"end":{"line":211,"column":3}},"loc":{"start":{"line":211,"column":29},"end":{"line":213,"column":3}},"line":211},"23":{"name":"(anonymous_23)","decl":{"start":{"line":215,"column":2},"end":{"line":215,"column":3}},"loc":{"start":{"line":215,"column":35},"end":{"line":217,"column":3}},"line":215},"24":{"name":"(anonymous_24)","decl":{"start":{"line":219,"column":2},"end":{"line":219,"column":3}},"loc":{"start":{"line":219,"column":41},"end":{"line":225,"column":3}},"line":219},"25":{"name":"(anonymous_25)","decl":{"start":{"line":227,"column":2},"end":{"line":227,"column":3}},"loc":{"start":{"line":227,"column":26},"end":{"line":248,"column":3}},"line":227},"26":{"name":"(anonymous_26)","decl":{"start":{"line":230,"column":12},"end":{"line":230,"column":13}},"loc":{"start":{"line":230,"column":22},"end":{"line":230,"column":87}},"line":230},"27":{"name":"(anonymous_27)","decl":{"start":{"line":231,"column":12},"end":{"line":231,"column":13}},"loc":{"start":{"line":231,"column":19},"end":{"line":231,"column":76}},"line":231},"28":{"name":"(anonymous_28)","decl":{"start":{"line":238,"column":40},"end":{"line":238,"column":41}},"loc":{"start":{"line":239,"column":8},"end":{"line":245,"column":14}},"line":239},"29":{"name":"(anonymous_29)","decl":{"start":{"line":250,"column":2},"end":{"line":250,"column":3}},"loc":{"start":{"line":250,"column":31},"end":{"line":253,"column":3}},"line":250},"30":{"name":"(anonymous_30)","decl":{"start":{"line":255,"column":2},"end":{"line":255,"column":3}},"loc":{"start":{"line":255,"column":25},"end":{"line":271,"column":3}},"line":255},"31":{"name":"(anonymous_31)","decl":{"start":{"line":257,"column":46},"end":{"line":257,"column":47}},"loc":{"start":{"line":257,"column":53},"end":{"line":257,"column":74}},"line":257},"32":{"name":"(anonymous_32)","decl":{"start":{"line":260,"column":42},"end":{"line":260,"column":43}},"loc":{"start":{"line":260,"column":49},"end":{"line":260,"column":70}},"line":260},"33":{"name":"(anonymous_33)","decl":{"start":{"line":273,"column":2},"end":{"line":273,"column":3}},"loc":{"start":{"line":273,"column":36},"end":{"line":279,"column":3}},"line":273},"34":{"name":"(anonymous_34)","decl":{"start":{"line":276,"column":29},"end":{"line":276,"column":30}},"loc":{"start":{"line":276,"column":40},"end":{"line":276,"column":60}},"line":276},"35":{"name":"(anonymous_35)","decl":{"start":{"line":281,"column":2},"end":{"line":281,"column":3}},"loc":{"start":{"line":281,"column":42},"end":{"line":292,"column":3}},"line":281},"36":{"name":"(anonymous_36)","decl":{"start":{"line":286,"column":28},"end":{"line":286,"column":29}},"loc":{"start":{"line":286,"column":40},"end":{"line":289,"column":5}},"line":286},"37":{"name":"(anonymous_37)","decl":{"start":{"line":294,"column":2},"end":{"line":294,"column":3}},"loc":{"start":{"line":294,"column":29},"end":{"line":304,"column":3}},"line":294},"38":{"name":"(anonymous_38)","decl":{"start":{"line":298,"column":28},"end":{"line":298,"column":29}},"loc":{"start":{"line":298,"column":40},"end":{"line":301,"column":5}},"line":298},"39":{"name":"(anonymous_39)","decl":{"start":{"line":306,"column":2},"end":{"line":306,"column":3}},"loc":{"start":{"line":306,"column":24},"end":{"line":325,"column":3}},"line":306},"40":{"name":"(anonymous_40)","decl":{"start":{"line":327,"column":2},"end":{"line":327,"column":3}},"loc":{"start":{"line":327,"column":11},"end":{"line":388,"column":3}},"line":327},"41":{"name":"(anonymous_41)","decl":{"start":{"line":336,"column":12},"end":{"line":336,"column":13}},"loc":{"start":{"line":336,"column":22},"end":{"line":336,"column":87}},"line":336},"42":{"name":"(anonymous_42)","decl":{"start":{"line":337,"column":11},"end":{"line":337,"column":12}},"loc":{"start":{"line":337,"column":22},"end":{"line":356,"column":7}},"line":337},"43":{"name":"(anonymous_43)","decl":{"start":{"line":358,"column":32},"end":{"line":358,"column":33}},"loc":{"start":{"line":358,"column":43},"end":{"line":381,"column":5}},"line":358},"44":{"name":"(anonymous_44)","decl":{"start":{"line":384,"column":6},"end":{"line":384,"column":7}},"loc":{"start":{"line":384,"column":17},"end":{"line":384,"column":72}},"line":384}},"branchMap":{"0":{"loc":{"start":{"line":48,"column":4},"end":{"line":50,"column":5}},"type":"if","locations":[{"start":{"line":48,"column":4},"end":{"line":50,"column":5}},{"start":{"line":48,"column":4},"end":{"line":50,"column":5}}],"line":48},"1":{"loc":{"start":{"line":48,"column":8},"end":{"line":48,"column":73}},"type":"binary-expr","locations":[{"start":{"line":48,"column":8},"end":{"line":48,"column":20}},{"start":{"line":48,"column":24},"end":{"line":48,"column":73}}],"line":48},"2":{"loc":{"start":{"line":55,"column":4},"end":{"line":65,"column":5}},"type":"if","locations":[{"start":{"line":55,"column":4},"end":{"line":65,"column":5}},{"start":{"line":55,"column":4},"end":{"line":65,"column":5}}],"line":55},"3":{"loc":{"start":{"line":55,"column":8},"end":{"line":55,"column":33}},"type":"binary-expr","locations":[{"start":{"line":55,"column":8},"end":{"line":55,"column":20}},{"start":{"line":55,"column":24},"end":{"line":55,"column":33}}],"line":55},"4":{"loc":{"start":{"line":59,"column":6},"end":{"line":61,"column":7}},"type":"if","locations":[{"start":{"line":59,"column":6},"end":{"line":61,"column":7}},{"start":{"line":59,"column":6},"end":{"line":61,"column":7}}],"line":59},"5":{"loc":{"start":{"line":71,"column":4},"end":{"line":73,"column":5}},"type":"if","locations":[{"start":{"line":71,"column":4},"end":{"line":73,"column":5}},{"start":{"line":71,"column":4},"end":{"line":73,"column":5}}],"line":71},"6":{"loc":{"start":{"line":71,"column":8},"end":{"line":71,"column":73}},"type":"binary-expr","locations":[{"start":{"line":71,"column":8},"end":{"line":71,"column":20}},{"start":{"line":71,"column":24},"end":{"line":71,"column":73}}],"line":71},"7":{"loc":{"start":{"line":76,"column":4},"end":{"line":78,"column":5}},"type":"if","locations":[{"start":{"line":76,"column":4},"end":{"line":78,"column":5}},{"start":{"line":76,"column":4},"end":{"line":78,"column":5}}],"line":76},"8":{"loc":{"start":{"line":82,"column":6},"end":{"line":84,"column":7}},"type":"if","locations":[{"start":{"line":82,"column":6},"end":{"line":84,"column":7}},{"start":{"line":82,"column":6},"end":{"line":84,"column":7}}],"line":82},"9":{"loc":{"start":{"line":94,"column":8},"end":{"line":96,"column":9}},"type":"if","locations":[{"start":{"line":94,"column":8},"end":{"line":96,"column":9}},{"start":{"line":94,"column":8},"end":{"line":96,"column":9}}],"line":94},"10":{"loc":{"start":{"line":99,"column":8},"end":{"line":101,"column":9}},"type":"if","locations":[{"start":{"line":99,"column":8},"end":{"line":101,"column":9}},{"start":{"line":99,"column":8},"end":{"line":101,"column":9}}],"line":99},"11":{"loc":{"start":{"line":99,"column":12},"end":{"line":99,"column":64}},"type":"binary-expr","locations":[{"start":{"line":99,"column":12},"end":{"line":99,"column":17}},{"start":{"line":99,"column":21},"end":{"line":99,"column":64}}],"line":99},"12":{"loc":{"start":{"line":136,"column":4},"end":{"line":146,"column":5}},"type":"if","locations":[{"start":{"line":136,"column":4},"end":{"line":146,"column":5}},{"start":{"line":136,"column":4},"end":{"line":146,"column":5}}],"line":136},"13":{"loc":{"start":{"line":137,"column":6},"end":{"line":143,"column":49}},"type":"binary-expr","locations":[{"start":{"line":137,"column":8},"end":{"line":137,"column":26}},{"start":{"line":137,"column":30},"end":{"line":137,"column":46}},{"start":{"line":138,"column":7},"end":{"line":138,"column":24}},{"start":{"line":138,"column":28},"end":{"line":138,"column":45}},{"start":{"line":139,"column":9},"end":{"line":139,"column":26}},{"start":{"line":140,"column":8},"end":{"line":140,"column":24}},{"start":{"line":141,"column":10},"end":{"line":141,"column":55}},{"start":{"line":142,"column":10},"end":{"line":142,"column":47}},{"start":{"line":143,"column":6},"end":{"line":143,"column":49}}],"line":137},"14":{"loc":{"start":{"line":156,"column":8},"end":{"line":163,"column":14}},"type":"cond-expr","locations":[{"start":{"line":157,"column":12},"end":{"line":157,"column":15}},{"start":{"line":158,"column":12},"end":{"line":163,"column":14}}],"line":156},"15":{"loc":{"start":{"line":171,"column":4},"end":{"line":173,"column":5}},"type":"if","locations":[{"start":{"line":171,"column":4},"end":{"line":173,"column":5}},{"start":{"line":171,"column":4},"end":{"line":173,"column":5}}],"line":171},"16":{"loc":{"start":{"line":207,"column":48},"end":{"line":207,"column":85}},"type":"cond-expr","locations":[{"start":{"line":207,"column":72},"end":{"line":207,"column":75}},{"start":{"line":207,"column":78},"end":{"line":207,"column":85}}],"line":207},"17":{"loc":{"start":{"line":222,"column":4},"end":{"line":224,"column":5}},"type":"if","locations":[{"start":{"line":222,"column":4},"end":{"line":224,"column":5}},{"start":{"line":222,"column":4},"end":{"line":224,"column":5}}],"line":222},"18":{"loc":{"start":{"line":231,"column":19},"end":{"line":231,"column":76}},"type":"binary-expr","locations":[{"start":{"line":231,"column":19},"end":{"line":231,"column":58}},{"start":{"line":231,"column":62},"end":{"line":231,"column":76}}],"line":231},"19":{"loc":{"start":{"line":233,"column":4},"end":{"line":235,"column":5}},"type":"if","locations":[{"start":{"line":233,"column":4},"end":{"line":235,"column":5}},{"start":{"line":233,"column":4},"end":{"line":235,"column":5}}],"line":233},"20":{"loc":{"start":{"line":239,"column":8},"end":{"line":245,"column":14}},"type":"cond-expr","locations":[{"start":{"line":240,"column":12},"end":{"line":240,"column":15}},{"start":{"line":241,"column":12},"end":{"line":245,"column":14}}],"line":239},"21":{"loc":{"start":{"line":262,"column":4},"end":{"line":268,"column":5}},"type":"if","locations":[{"start":{"line":262,"column":4},"end":{"line":268,"column":5}},{"start":{"line":262,"column":4},"end":{"line":268,"column":5}}],"line":262},"22":{"loc":{"start":{"line":273,"column":21},"end":{"line":273,"column":34}},"type":"default-arg","locations":[{"start":{"line":273,"column":32},"end":{"line":273,"column":34}}],"line":273},"23":{"loc":{"start":{"line":306,"column":9},"end":{"line":306,"column":22}},"type":"default-arg","locations":[{"start":{"line":306,"column":17},"end":{"line":306,"column":22}}],"line":306},"24":{"loc":{"start":{"line":311,"column":4},"end":{"line":313,"column":5}},"type":"if","locations":[{"start":{"line":311,"column":4},"end":{"line":313,"column":5}},{"start":{"line":311,"column":4},"end":{"line":313,"column":5}}],"line":311},"25":{"loc":{"start":{"line":318,"column":4},"end":{"line":324,"column":5}},"type":"if","locations":[{"start":{"line":318,"column":4},"end":{"line":324,"column":5}},{"start":{"line":318,"column":4},"end":{"line":324,"column":5}}],"line":318},"26":{"loc":{"start":{"line":319,"column":6},"end":{"line":321,"column":11}},"type":"binary-expr","locations":[{"start":{"line":319,"column":6},"end":{"line":319,"column":40}},{"start":{"line":320,"column":6},"end":{"line":320,"column":53}},{"start":{"line":321,"column":6},"end":{"line":321,"column":11}}],"line":319},"27":{"loc":{"start":{"line":331,"column":4},"end":{"line":333,"column":5}},"type":"if","locations":[{"start":{"line":331,"column":4},"end":{"line":333,"column":5}},{"start":{"line":331,"column":4},"end":{"line":333,"column":5}}],"line":331},"28":{"loc":{"start":{"line":340,"column":8},"end":{"line":343,"column":9}},"type":"if","locations":[{"start":{"line":340,"column":8},"end":{"line":343,"column":9}},{"start":{"line":340,"column":8},"end":{"line":343,"column":9}}],"line":340},"29":{"loc":{"start":{"line":340,"column":12},"end":{"line":340,"column":51}},"type":"binary-expr","locations":[{"start":{"line":340,"column":12},"end":{"line":340,"column":28}},{"start":{"line":340,"column":32},"end":{"line":340,"column":51}}],"line":340},"30":{"loc":{"start":{"line":345,"column":8},"end":{"line":351,"column":9}},"type":"if","locations":[{"start":{"line":345,"column":8},"end":{"line":351,"column":9}},{"start":{"line":345,"column":8},"end":{"line":351,"column":9}}],"line":345},"31":{"loc":{"start":{"line":347,"column":15},"end":{"line":351,"column":9}},"type":"if","locations":[{"start":{"line":347,"column":15},"end":{"line":351,"column":9}},{"start":{"line":347,"column":15},"end":{"line":351,"column":9}}],"line":347},"32":{"loc":{"start":{"line":359,"column":6},"end":{"line":362,"column":7}},"type":"if","locations":[{"start":{"lin
[...]
,"/mnt/d/dev/projects/slack-chat/src/js/components/message/commands/cancelCommand.js": {"path":"/mnt/d/dev/projects/slack-chat/src/js/components/message/commands/cancelCommand.js","statementMap":{"0":{"start":{"line":3,"column":4},"end":{"line":3,"column":27}},"1":{"start":{"line":7,"column":4},"end":{"line":7,"column":68}},"2":{"start":{"line":8,"column":4},"end":{"line":8,"column":33}},"3":{"start":{"line":9,"column":4},"end":{"line":9,"column":60}}},"fnMap":{"0":{"name":"(anonymous_0)","decl":{"start":{"line":2,"column":2},"end":{"line":2,"column":3}},"loc":{"start":{"line":2,"column":23},"end":{"line":4,"column":3}},"line":2},"1":{"name":"(anonymous_1)","decl":{"start":{"line":6,"column":2},"end":{"line":6,"column":3}},"loc":{"start":{"line":6,"column":12},"end":{"line":10,"column":3}},"line":6}},"branchMap":{},"s":{"0":1,"1":1,"2":1,"3":1},"f":{"0":1,"1":1},"b":{},"_coverageSchema":"43e27e138ebf9cfc5966b082cf9a028302ed4184","hash":"bde1931bf90a4d96113cd41f128a9e72d855d9f1"}
,"/mnt/d/dev/projects/slack-chat/src/js/components/message/commands/deleteCommand.js": {"path":"/mnt/d/dev/projects/slack-chat/src/js/components/message/commands/deleteCommand.js","statementMap":{"0":{"start":{"line":5,"column":4},"end":{"line":5,"column":27}},"1":{"start":{"line":6,"column":4},"end":{"line":6,"column":63}},"2":{"start":{"line":10,"column":19},"end":{"line":14,"column":6}},"3":{"start":{"line":16,"column":4},"end":{"line":18,"column":6}},"4":{"start":{"line":17,"column":6},"end":{"line":17,"column":36}},"5":{"start":{"line":20,"column":4},"end":{"line":20,"column":18}},"6":{"start":{"line":24,"column":4},"end":{"line":24,"column":21}},"7":{"start":{"line":25,"column":4},"end":{"line":25,"column":60}}},"fnMap":{"0":{"name":"(anonymous_0)","decl":{"start":{"line":4,"column":2},"end":{"line":4,"column":3}},"loc":{"start":{"line":4,"column":23},"end":{"line":7,"column":3}},"line":4},"1":{"name":"(anonymous_1)","decl":{"start":{"line":9,"column":2},"end":{"line":9,"column":3}},"loc":{"start":{"line":9,"column":12},"end":{"line":21,"column":3}},"line":9},"2":{"name":"(anonymous_2)","decl":{"start":{"line":16,"column":84},"end":{"line":16,"column":85}},"loc":{"start":{"line":17,"column":6},"end":{"line":17,"column":36}},"line":17},"3":{"name":"(anonymous_3)","decl":{"start":{"line":23,"column":2},"end":{"line":23,"column":3}},"loc":{"start":{"line":23,"column":28},"end":{"line":26,"column":3}},"line":23}},"branchMap":{},"s":{"0":2,"1":2,"2":1,"3":1,"4":0,"5":1,"6":1,"7":1},"f":{"0":2,"1":1,"2":0,"3":1},"b":{},"_coverageSchema":"43e27e138ebf9cfc5966b082cf9a028302ed4184","hash":"80ab85ed1e80c1afa9ad3e1c1839e162dfa230bd"}
,"/mnt/d/dev/projects/slack-chat/src/js/components/message/commands/editCommand.js": {"path":"/mnt/d/dev/projects/slack-chat/src/js/components/message/commands/editCommand.js","statementMap":{"0":{"start":{"line":3,"column":4},"end":{"line":3,"column":27}},"1":{"start":{"line":7,"column":4},"end":{"line":7,"column":32}},"2":{"start":{"line":8,"column":4},"end":{"line":8,"column":35}},"3":{"start":{"line":9,"column":4},"end":{"line":9,"column":58}}},"fnMap":{"0":{"name":"(anonymous_0)","decl":{"start":{"line":2,"column":2},"end":{"line":2,"column":3}},"loc":{"start":{"line":2,"column":23},"end":{"line":4,"column":3}},"line":2},"1":{"name":"(anonymous_1)","decl":{"start":{"line":6,"column":2},"end":{"line":6,"column":3}},"loc":{"start":{"line":6,"column":12},"end":{"line":10,"column":3}},"line":6}},"branchMap":{},"s":{"0":1,"1":1,"2":1,"3":1},"f":{"0":1,"1":1},"b":{},"_coverageSchema":"43e27e138ebf9cfc5966b082cf9a028302ed4184","hash":"1610bf300fe471e48cecde06510b90383e04d725"}
,"/mnt/d/dev/projects/slack-chat/src/js/components/message/commands/saveCommand.js": {"path":"/mnt/d/dev/projects/slack-chat/src/js/components/message/commands/saveCommand.js","statementMap":{"0":{"start":{"line":5,"column":4},"end":{"line":5,"column":27}},"1":{"start":{"line":6,"column":4},"end":{"line":6,"column":23}},"2":{"start":{"line":10,"column":4},"end":{"line":10,"column":36}},"3":{"start":{"line":11,"column":4},"end":{"line":11,"column":54}},"4":{"start":{"line":13,"column":23},"end":{"line":13,"column":55}},"5":{"start":{"line":15,"column":4},"end":{"line":15,"column":60}},"6":{"start":{"line":16,"column":4},"end":{"line":16,"column":33}},"7":{"start":{"line":17,"column":4},"end":{"line":17,"column":35}},"8":{"start":{"line":18,"column":4},"end":{"line":18,"column":35}},"9":{"start":{"line":20,"column":4},"end":{"line":20,"column":70}}},"fnMap":{"0":{"name":"(anonymous_0)","decl":{"start":{"line":4,"column":2},"end":{"line":4,"column":3}},"loc":{"start":{"line":4,"column":30},"end":{"line":7,"column":3}},"line":4},"1":{"name":"(anonymous_1)","decl":{"start":{"line":9,"column":2},"end":{"line":9,"column":3}},"loc":{"start":{"line":9,"column":12},"end":{"line":21,"column":3}},"line":9}},"branchMap":{"0":{"loc":{"start":{"line":15,"column":26},"end":{"line":15,"column":59}},"type":"binary-expr","locations":[{"start":{"line":15,"column":26},"end":{"line":15,"column":45}},{"start":{"line":15,"column":49},"end":{"line":15,"column":59}}],"line":15}},"s":{"0":1,"1":1,"2":1,"3":1,"4":1,"5":1,"6":1,"7":1,"8":1,"9":1},"f":{"0":1,"1":1},"b":{"0":[1,1]},"_coverageSchema":"43e27e138ebf9cfc5966b082cf9a028302ed4184","hash":"c60b2dc6b3800af2db215e32500a8a6a4bae25bb"}
,"/mnt/d/dev/projects/slack-chat/src/js/components/message/commands/speakCommand.js": {"path":"/mnt/d/dev/projects/slack-chat/src/js/components/message/commands/speakCommand.js","statementMap":{"0":{"start":{"line":3,"column":4},"end":{"line":3,"column":27}},"1":{"start":{"line":4,"column":4},"end":{"line":4,"column":40}},"2":{"start":{"line":8,"column":4},"end":{"line":12,"column":5}},"3":{"start":{"line":9,"column":20},"end":{"line":9,"column":67}},"4":{"start":{"line":11,"column":6},"end":{"line":11,"column":30}}},"fnMap":{"0":{"name":"(anonymous_0)","decl":{"start":{"line":2,"column":2},"end":{"line":2,"column":3}},"loc":{"start":{"line":2,"column":23},"end":{"line":5,"column":3}},"line":2},"1":{"name":"(anonymous_1)","decl":{"start":{"line":7,"column":2},"end":{"line":7,"column":3}},"loc":{"start":{"line":7,"column":12},"end":{"line":13,"column":3}},"line":7}},"branchMap":{"0":{"loc":{"start":{"line":8,"column":4},"end":{"line":12,"column":5}},"type":"if","locations":[{"start":{"line":8,"column":4},"end":{"line":12,"column":5}},{"start":{"line":8,"column":4},"end":{"line":12,"column":5}}],"line":8}},"s":{"0":1,"1":1,"2":1,"3":1,"4":1},"f":{"0":1,"1":1},"b":{"0":[1,0]},"_coverageSchema":"43e27e138ebf9cfc5966b082cf9a028302ed4184","hash":"0ebb48e50d823be2e90ba86c35c2a39b89d0182d"}
,"/mnt/d/dev/projects/slack-chat/src/js/components/message/output/messageEditOutput.js": {"path":"/mnt/d/dev/projects/slack-chat/src/js/components/message/output/messageEditOutput.js","statementMap":{"0":{"start":{"line":10,"column":4},"end":{"line":10,"column":21}},"1":{"start":{"line":11,"column":4},"end":{"line":11,"column":24}},"2":{"start":{"line":12,"column":4},"end":{"line":12,"column":63}},"3":{"start":{"line":13,"column":4},"end":{"line":13,"column":65}},"4":{"start":{"line":17,"column":18},"end":{"line":17,"column":67}},"5":{"start":{"line":18,"column":29},"end":{"line":18,"column":79}},"6":{"start":{"line":20,"column":4},"end":{"line":22,"column":7}},"7":{"start":{"line":21,"column":6},"end":{"line":21,"column":85}},"8":{"start":{"line":24,"column":4},"end":{"line":26,"column":7}},"9":{"start":{"line":25,"column":6},"end":{"line":25,"column":88}},"10":{"start":{"line":28,"column":4},"end":{"line":28,"column":86}},"11":{"start":{"line":28,"column":51},"end":{"line":28,"column":71}},"12":{"start":{"line":30,"column":4},"end":{"line":30,"column":63}},"13":{"start":{"line":32,"column":4},"end":{"line":32,"column":88}},"14":{"start":{"line":32,"column":53},"end":{"line":32,"column":86}},"15":{"start":{"line":36,"column":15},"end":{"line":36,"column":31}},"16":{"start":{"line":38,"column":4},"end":{"line":49,"column":5}},"17":{"start":{"line":39,"column":6},"end":{"line":46,"column":7}},"18":{"start":{"line":40,"column":8},"end":{"line":40,"column":25}},"19":{"start":{"line":42,"column":8},"end":{"line":42,"column":28}},"20":{"start":{"line":43,"column":24},"end":{"line":43,"column":63}},"21":{"start":{"line":44,"column":8},"end":{"line":44,"column":26}},"22":{"start":{"line":45,"column":8},"end":{"line":45,"column":22}},"23":{"start":{"line":48,"column":6},"end":{"line":48,"column":24}},"24":{"start":{"line":51,"column":4},"end":{"line":54,"column":5}},"25":{"start":{"line":52,"column":22},"end":{"line":52,"column":53}},"26":{"start":{"line":53,"column":6},"end":{"line":53,"column":24}},"27":{"start":{"line":58,"column":16},"end":{"line":58,"column":43}},"28":{"start":{"line":60,"column":4},"end":{"line":62,"column":5}},"29":{"start":{"line":61,"column":6},"end":{"line":61,"column":13}},"30":{"start":{"line":64,"column":23},"end":{"line":64,"column":34}},"31":{"start":{"line":67,"column":4},"end":{"line":76,"column":5}},"32":{"start":{"line":69,"column":8},"end":{"line":69,"column":50}},"33":{"start":{"line":70,"column":8},"end":{"line":70,"column":14}},"34":{"start":{"line":72,"column":8},"end":{"line":72,"column":61}},"35":{"start":{"line":73,"column":8},"end":{"line":73,"column":14}},"36":{"start":{"line":75,"column":8},"end":{"line":75,"column":43}},"37":{"start":{"line":78,"column":4},"end":{"line":78,"column":22}},"38":{"start":{"line":82,"column":4},"end":{"line":82,"column":27}},"39":{"start":{"line":83,"column":4},"end":{"line":83,"column":65}},"40":{"start":{"line":84,"column":4},"end":{"line":84,"column":54}},"41":{"start":{"line":85,"column":4},"end":{"line":85,"column":23}},"42":{"start":{"line":87,"column":4},"end":{"line":87,"column":21}}},"fnMap":{"0":{"name":"(anonymous_0)","decl":{"start":{"line":9,"column":2},"end":{"line":9,"column":3}},"loc":{"start":{"line":9,"column":16},"end":{"line":14,"column":3}},"line":9},"1":{"name":"(anonymous_1)","decl":{"start":{"line":16,"column":2},"end":{"line":16,"column":3}},"loc":{"start":{"line":16,"column":16},"end":{"line":33,"column":3}},"line":16},"2":{"name":"(anonymous_2)","decl":{"start":{"line":20,"column":36},"end":{"line":20,"column":37}},"loc":{"start":{"line":20,"column":42},"end":{"line":22,"column":5}},"line":20},"3":{"name":"(anonymous_3)","decl":{"start":{"line":24,"column":35},"end":{"line":24,"column":36}},"loc":{"start":{"line":24,"column":41},"end":{"line":26,"column":5}},"line":24},"4":{"name":"(anonymous_4)","decl":{"start":{"line":28,"column":45},"end":{"line":28,"column":46}},"loc":{"start":{"line":28,"column":51},"end":{"line":28,"column":71}},"line":28},"5":{"name":"(anonymous_5)","decl":{"start":{"line":32,"column":47},"end":{"line":32,"column":48}},"loc":{"start":{"line":32,"column":53},"end":{"line":32,"column":86}},"line":32},"6":{"name":"(anonymous_6)","decl":{"start":{"line":35,"column":2},"end":{"line":35,"column":3}},"loc":{"start":{"line":35,"column":25},"end":{"line":55,"column":3}},"line":35},"7":{"name":"(anonymous_7)","decl":{"start":{"line":57,"column":2},"end":{"line":57,"column":3}},"loc":{"start":{"line":57,"column":31},"end":{"line":79,"column":3}},"line":57},"8":{"name":"(anonymous_8)","decl":{"start":{"line":81,"column":2},"end":{"line":81,"column":3}},"loc":{"start":{"line":81,"column":23},"end":{"line":88,"column":3}},"line":81}},"branchMap":{"0":{"loc":{"start":{"line":38,"column":4},"end":{"line":49,"column":5}},"type":"if","locations":[{"start":{"line":38,"column":4},"end":{"line":49,"column":5}},{"start":{"line":38,"column":4},"end":{"line":49,"column":5}}],"line":38},"1":{"loc":{"start":{"line":39,"column":6},"end":{"line":46,"column":7}},"type":"if","locations":[{"start":{"line":39,"column":6},"end":{"line":46,"column":7}},{"start":{"line":39,"column":6},"end":{"line":46,"column":7}}],"line":39},"2":{"loc":{"start":{"line":51,"column":4},"end":{"line":54,"column":5}},"type":"if","locations":[{"start":{"line":51,"column":4},"end":{"line":54,"column":5}},{"start":{"line":51,"column":4},"end":{"line":54,"column":5}}],"line":51},"3":{"loc":{"start":{"line":60,"column":4},"end":{"line":62,"column":5}},"type":"if","locations":[{"start":{"line":60,"column":4},"end":{"line":62,"column":5}},{"start":{"line":60,"column":4},"end":{"line":62,"column":5}}],"line":60},"4":{"loc":{"start":{"line":67,"column":4},"end":{"line":76,"column":5}},"type":"switch","locations":[{"start":{"line":68,"column":6},"end":{"line":70,"column":14}},{"start":{"line":71,"column":6},"end":{"line":73,"column":14}},{"start":{"line":74,"column":6},"end":{"line":75,"column":43}}],"line":67},"5":{"loc":{"start":{"line":81,"column":9},"end":{"line":81,"column":21}},"type":"default-arg","locations":[{"start":{"line":81,"column":19},"end":{"line":81,"column":21}}],"line":81}},"s":{"0":10,"1":10,"2":10,"3":10,"4":2,"5":2,"6":2,"7":1,"8":2,"9":1,"10":2,"11":0,"12":2,"13":2,"14":0,"15":3,"16":3,"17":2,"18":1,"19":1,"20":1,"21":1,"22":1,"23":2,"24":3,"25":1,"26":1,"27":4,"28":4,"29":1,"30":3,"31":3,"32":1,"33":1,"34":1,"35":1,"36":1,"37":2,"38":1,"39":1,"40":1,"41":1,"42":1},"f":{"0":10,"1":2,"2":1,"3":1,"4":0,"5":0,"6":3,"7":4,"8":1},"b":{"0":[2,1],"1":[1,1],"2":[1,2],"3":[1,3],"4":[1,1,1],"5":[0]},"_coverageSchema":"43e27e138ebf9cfc5966b082cf9a028302ed4184","hash":"a2e0109ac7948fc512802b732c9a674d47cee891"}
,"/mnt/d/dev/projects/slack-chat/src/js/components/message/output/messageNewOutput.js": {"path":"/mnt/d/dev/projects/slack-chat/src/js/components/message/output/messageNewOutput.js","statementMap":{"0":{"start":{"line":6,"column":4},"end":{"line":6,"column":24}},"1":{"start":{"line":10,"column":4},"end":{"line":12,"column":13}},"2":{"start":{"line":11,"column":6},"end":{"line":11,"column":53}},"3":{"start":{"line":16,"column":4},"end":{"line":16,"column":27}},"4":{"start":{"line":17,"column":4},"end":{"line":17,"column":49}},"5":{"start":{"line":18,"column":4},"end":{"line":18,"column":23}},"6":{"start":{"line":20,"column":4},"end":{"line":20,"column":21}}},"fnMap":{"0":{"name":"(anonymous_0)","decl":{"start":{"line":5,"column":2},"end":{"line":5,"column":3}},"loc":{"start":{"line":5,"column":16},"end":{"line":7,"column":3}},"line":5},"1":{"name":"(anonymous_1)","decl":{"start":{"line":9,"column":2},"end":{"line":9,"column":3}},"loc":{"start":{"line":9,"column":16},"end":{"line":13,"column":3}},"line":9},"2":{"name":"(anonymous_2)","decl":{"start":{"line":10,"column":15},"end":{"line":10,"column":16}},"loc":{"start":{"line":10,"column":21},"end":{"line":12,"column":5}},"line":10},"3":{"name":"(anonymous_3)","decl":{"start":{"line":15,"column":2},"end":{"line":15,"column":3}},"loc":{"start":{"line":15,"column":23},"end":{"line":21,"column":3}},"line":15}},"branchMap":{"0":{"loc":{"start":{"line":15,"column":9},"end":{"line":15,"column":21}},"type":"default-arg","locations":[{"start":{"line":15,"column":19},"end":{"line":15,"column":21}}],"line":15}},"s":{"0":12,"1":2,"2":1,"3":2,"4":2,"5":2,"6":2},"f":{"0":12,"1":2,"2":1,"3":2},"b":{"0":[0]},"_coverageSchema":"43e27e138ebf9cfc5966b082cf9a028302ed4184","hash":"a9c850a967d81f1b8b89b6e2c1d725cbdb24c006"}
,"/mnt/d/dev/projects/slack-chat/src/js/components/message/output/messageOutput.js": {"path":"/mnt/d/dev/projects/slack-chat/src/js/components/message/output/messageOutput.js","statementMap":{"0":{"start":{"line":7,"column":4},"end":{"line":7,"column":24}},"1":{"start":{"line":8,"column":4},"end":{"line":8,"column":21}},"2":{"start":{"line":9,"column":4},"end":{"line":9,"column":59}},"3":{"start":{"line":13,"column":18},"end":{"line":13,"column":69}},"4":{"start":{"line":15,"column":4},"end":{"line":17,"column":7}},"5":{"start":{"line":16,"column":6},"end":{"line":16,"column":59}},"6":{"start":{"line":21,"column":4},"end":{"line":21,"column":24}},"7":{"start":{"line":22,"column":4},"end":{"line":22,"column":81}},"8":{"start":{"line":26,"column":4},"end":{"line":26,"column":27}},"9":{"start":{"line":27,"column":4},"end":{"line":27,"column":76}},"10":{"start":{"line":28,"column":4},"end":{"line":28,"column":54}},"11":{"start":{"line":29,"column":4},"end":{"line":29,"column":23}},"12":{"start":{"line":31,"column":4},"end":{"line":31,"column":21}}},"fnMap":{"0":{"name":"(anonymous_0)","decl":{"start":{"line":6,"column":2},"end":{"line":6,"column":3}},"loc":{"start":{"line":6,"column":16},"end":{"line":10,"column":3}},"line":6},"1":{"name":"(anonymous_1)","decl":{"start":{"line":12,"column":2},"end":{"line":12,"column":3}},"loc":{"start":{"line":12,"column":16},"end":{"line":18,"column":3}},"line":12},"2":{"name":"(anonymous_2)","decl":{"start":{"line":15,"column":23},"end":{"line":15,"column":24}},"loc":{"start":{"line":15,"column":31},"end":{"line":17,"column":5}},"line":15},"3":{"name":"(anonymous_3)","decl":{"start":{"line":20,"column":2},"end":{"line":20,"column":3}},"loc":{"start":{"line":20,"column":22},"end":{"line":23,"column":3}},"line":20},"4":{"name":"(anonymous_4)","decl":{"start":{"line":25,"column":2},"end":{"line":25,"column":3}},"loc":{"start":{"line":25,"column":23},"end":{"line":32,"column":3}},"line":25}},"branchMap":{"0":{"loc":{"start":{"line":25,"column":9},"end":{"line":25,"column":21}},"type":"default-arg","locations":[{"start":{"line":25,"column":19},"end":{"line":25,"column":21}}],"line":25}},"s":{"0":53,"1":53,"2":53,"3":1,"4":1,"5":2,"6":1,"7":1,"8":1,"9":1,"10":1,"11":1,"12":1},"f":{"0":53,"1":1,"2":2,"3":1,"4":1},"b":{"0":[0]},"_coverageSchema":"43e27e138ebf9cfc5966b082cf9a028302ed4184","hash":"3ba7aab73479ba547546826a6bbb005aae9f270a"}
,"/mnt/d/dev/projects/slack-chat/src/js/components/message/output/messageRepeatedOutput.js": {"path":"/mnt/d/dev/projects/slack-chat/src/js/components/message/output/messageRepeatedOutput.js","statementMap":{"0":{"start":{"line":7,"column":4},"end":{"line":7,"column":24}},"1":{"start":{"line":8,"column":4},"end":{"line":8,"column":21}},"2":{"start":{"line":12,"column":4},"end":{"line":12,"column":27}},"3":{"start":{"line":14,"column":4},"end":{"line":14,"column":76}},"4":{"start":{"line":15,"column":4},"end":{"line":15,"column":49}},"5":{"start":{"line":17,"column":4},"end":{"line":17,"column":21}}},"fnMap":{"0":{"name":"(anonymous_0)","decl":{"start":{"line":6,"column":2},"end":{"line":6,"column":3}},"loc":{"start":{"line":6,"column":16},"end":{"line":9,"column":3}},"line":6},"1":{"name":"(anonymous_1)","decl":{"start":{"line":11,"column":2},"end":{"line":11,"column":3}},"loc":{"start":{"line":11,"column":23},"end":{"line":18,"column":3}},"line":11}},"branchMap":{"0":{"loc":{"start":{"line":11,"column":9},"end":{"line":11,"column":21}},"type":"default-arg","locations":[{"start":{"line":11,"column":19},"end":{"line":11,"column":21}}],"line":11}},"s":{"0":1,"1":1,"2":1,"3":1,"4":1,"5":1},"f":{"0":1,"1":1},"b":{"0":[0]},"_coverageSchema":"43e27e138ebf9cfc5966b082cf9a028302ed4184","hash":"6b605c10053eff4841749e8ab9d01bd35c577c25"}
}
