TN:
SF:/mnt/d/dev/projects/slack-chat/src/js/components/App.js
FN:2,(anonymous_0)
FN:6,(anonymous_1)
FN:12,(anonymous_2)
FN:18,(anonymous_3)
FN:22,(anonymous_4)
FN:23,(anonymous_5)
FNF:6
FNH:6
FNDA:4,(anonymous_0)
FNDA:4,(anonymous_1)
FNDA:1,(anonymous_2)
FNDA:5,(anonymous_3)
FNDA:1,(anonymous_4)
FNDA:1,(anonymous_5)
DA:3,4
DA:7,4
DA:9,4
DA:13,1
DA:15,1
DA:19,5
DA:23,1
DA:24,1
LF:8
LH:8
BRF:0
BRH:0
end_of_record
TN:
SF:/mnt/d/dev/projects/slack-chat/src/js/components/ChatHeader.js
FN:6,(anonymous_0)
FN:30,(anonymous_1)
FN:52,(anonymous_2)
FN:71,(anonymous_3)
FN:77,(anonymous_4)
FN:83,(anonymous_5)
FN:91,(anonymous_6)
FN:100,(anonymous_7)
FN:107,(anonymous_8)
FNF:9
FNH:9
FNDA:11,(anonymous_0)
FNDA:4,(anonymous_1)
FNDA:4,(anonymous_2)
FNDA:1,(anonymous_3)
FNDA:1,(anonymous_4)
FNDA:1,(anonymous_5)
FNDA:1,(anonymous_6)
FNDA:1,(anonymous_7)
FNDA:6,(anonymous_8)
DA:7,11
DA:12,11
DA:18,11
DA:19,11
DA:21,11
DA:22,11
DA:23,11
DA:24,11
DA:26,11
DA:27,11
DA:31,4
DA:32,1
DA:35,3
DA:36,3
DA:39,3
DA:40,2
DA:42,2
DA:43,1
DA:46,1
DA:49,3
DA:53,4
DA:54,1
DA:57,3
DA:58,1
DA:59,1
DA:61,1
DA:64,2
DA:65,2
DA:66,2
DA:68,2
DA:72,1
DA:78,1
DA:84,1
DA:92,1
DA:101,1
DA:108,6
LF:36
LH:36
BRDA:31,0,0,1
BRDA:31,0,1,3
BRDA:39,1,0,2
BRDA:39,1,1,1
BRDA:42,2,0,1
BRDA:42,2,1,1
BRDA:53,3,0,1
BRDA:53,3,1,3
BRDA:57,4,0,1
BRDA:57,4,1,2
BRDA:59,5,0,0
BRDA:59,5,1,1
BRDA:64,6,0,2
BRDA:64,6,1,0
BRDA:68,7,0,1
BRDA:68,7,1,1
BRDA:71,8,0,0
BRF:17
BRH:14
end_of_record
TN:
SF:/mnt/d/dev/projects/slack-chat/src/js/components/Dialog.js
FN:5,(anonymous_0)
FN:14,(anonymous_1)
FN:18,(anonymous_2)
FN:22,(anonymous_3)
FN:27,(anonymous_4)
FN:31,(anonymous_5)
FN:39,close
FN:48,(anonymous_7)
FN:59,(anonymous_8)
FN:65,(anonymous_9)
FNF:10
FNH:10
FNDA:10,(anonymous_0)
FNDA:1,(anonymous_1)
FNDA:1,(anonymous_2)
FNDA:10,(anonymous_3)
FNDA:10,(anonymous_4)
FNDA:1,(anonymous_5)
FNDA:8,close
FNDA:1,(anonymous_7)
FNDA:1,(anonymous_8)
FNDA:1,(anonymous_9)
DA:6,10
DA:8,10
DA:9,10
DA:11,10
DA:15,1
DA:19,1
DA:23,10
DA:24,10
DA:28,10
DA:29,9
DA:31,9
DA:32,1
DA:33,1
DA:37,10
DA:40,8
DA:41,1
DA:42,1
DA:49,1
DA:50,1
DA:52,1
DA:53,1
DA:56,1
DA:60,1
DA:61,1
DA:63,1
DA:64,1
DA:65,1
DA:66,1
DA:67,1
DA:70,1
LF:30
LH:30
BRDA:5,0,0,1
BRDA:5,1,0,1
BRDA:28,2,0,9
BRDA:28,2,1,1
BRDA:40,3,0,1
BRDA:40,3,1,7
BRDA:40,4,0,8
BRDA:40,4,1,1
BRDA:52,5,0,1
BRDA:52,5,1,0
BRF:10
BRH:9
end_of_record
TN:
SF:/mnt/d/dev/projects/slack-chat/src/js/components/EditUserProfile.js
FN:7,(anonymous_0)
FN:15,(anonymous_1)
FN:23,(anonymous_2)
FN:28,(anonymous_3)
FN:31,(anonymous_4)
FN:44,(anonymous_5)
FN:55,(anonymous_6)
FN:63,(anonymous_7)
FNF:8
FNH:6
FNDA:4,(anonymous_0)
FNDA:4,(anonymous_1)
FNDA:1,(anonymous_2)
FNDA:0,(anonymous_3)
FNDA:0,(anonymous_4)
FNDA:2,(anonymous_5)
FNDA:1,(anonymous_6)
FNDA:1,(anonymous_7)
DA:8,4
DA:9,4
DA:11,4
DA:12,4
DA:16,4
DA:17,4
DA:19,4
DA:20,4
DA:24,1
DA:25,1
DA:26,1
DA:28,1
DA:30,1
DA:31,1
DA:32,0
DA:33,0
DA:34,0
DA:38,1
DA:45,2
DA:46,2
DA:47,2
DA:49,2
DA:50,1
DA:53,1
DA:55,1
DA:56,1
DA:59,1
DA:60,1
DA:64,1
DA:70,1
DA:72,1
LF:31
LH:28
BRDA:30,0,0,1
BRDA:30,0,1,0
BRDA:49,1,0,1
BRDA:49,1,1,1
BRF:4
BRH:3
end_of_record
TN:
SF:/mnt/d/dev/projects/slack-chat/src/js/components/Editor.js
FN:9,(anonymous_0)
FN:39,(anonymous_1)
FN:68,(anonymous_2)
FN:74,(anonymous_3)
FN:78,(anonymous_4)
FN:85,(anonymous_5)
FN:91,(anonymous_6)
FN:97,(anonymous_7)
FN:100,(anonymous_8)
FN:106,(anonymous_9)
FN:111,(anonymous_10)
FN:113,(anonymous_11)
FN:117,(anonymous_12)
FN:119,(anonymous_13)
FN:129,(anonymous_14)
FN:135,(anonymous_15)
FN:141,(anonymous_16)
FNF:17
FNH:14
FNDA:15,(anonymous_0)
FNDA:5,(anonymous_1)
FNDA:12,(anonymous_2)
FNDA:1,(anonymous_3)
FNDA:1,(anonymous_4)
FNDA:1,(anonymous_5)
FNDA:0,(anonymous_6)
FNDA:9,(anonymous_7)
FNDA:9,(anonymous_8)
FNDA:1,(anonymous_9)
FNDA:0,(anonymous_10)
FNDA:0,(anonymous_11)
FNDA:5,(anonymous_12)
FNDA:1,(anonymous_13)
FNDA:1,(anonymous_14)
FNDA:1,(anonymous_15)
FNDA:1,(anonymous_16)
DA:10,15
DA:15,15
DA:16,15
DA:17,15
DA:18,15
DA:20,15
DA:21,15
DA:22,15
DA:23,15
DA:25,15
DA:26,15
DA:29,15
DA:30,15
DA:31,15
DA:33,15
DA:34,15
DA:35,15
DA:36,15
DA:40,5
DA:41,3
DA:42,1
DA:43,1
DA:45,2
DA:47,2
DA:48,1
DA:51,1
DA:52,1
DA:54,1
DA:55,1
DA:56,1
DA:57,1
DA:60,2
DA:61,2
DA:62,2
DA:63,1
DA:69,12
DA:71,12
DA:72,12
DA:74,12
DA:75,1
DA:78,12
DA:79,1
DA:80,1
DA:81,1
DA:82,1
DA:85,12
DA:86,1
DA:87,1
DA:88,1
DA:91,12
DA:92,0
DA:98,9
DA:100,9
DA:101,9
DA:104,9
DA:106,9
DA:107,1
DA:110,9
DA:111,9
DA:113,9
DA:114,0
DA:117,9
DA:119,9
DA:120,1
DA:122,1
DA:123,1
DA:126,9
DA:130,1
DA:132,1
DA:136,1
DA:138,1
DA:142,1
DA:145,1
LF:73
LH:71
BRDA:20,0,0,15
BRDA:20,0,1,0
BRDA:21,1,0,15
BRDA:21,1,1,0
BRDA:40,2,0,3
BRDA:40,2,1,2
BRDA:41,3,0,1
BRDA:41,3,1,2
BRDA:47,4,0,1
BRDA:47,4,1,1
BRDA:61,5,0,2
BRDA:61,5,1,0
BRDA:62,6,0,1
BRDA:62,6,1,1
BRDA:71,7,0,12
BRDA:71,7,1,0
BRF:16
BRH:12
end_of_record
TN:
SF:/mnt/d/dev/projects/slack-chat/src/js/components/MemberList.js
FN:7,(anonymous_0)
FN:32,(anonymous_1)
FN:35,(anonymous_2)
FN:36,(anonymous_3)
FN:44,(anonymous_4)
FN:45,(anonymous_5)
FN:48,(anonymous_6)
FN:58,(anonymous_7)
FN:59,(anonymous_8)
FN:68,(anonymous_9)
FN:74,(anonymous_10)
FN:85,(anonymous_11)
FN:87,(anonymous_12)
FN:95,(anonymous_13)
FN:96,(anonymous_14)
FN:114,(anonymous_15)
FN:116,(anonymous_16)
FN:121,(anonymous_17)
FN:123,(anonymous_18)
FN:129,(anonymous_19)
FN:149,(anonymous_20)
FN:151,(anonymous_21)
FN:152,(anonymous_22)
FN:153,(anonymous_23)
FNF:24
FNH:23
FNDA:14,(anonymous_0)
FNDA:10,(anonymous_1)
FNDA:37,(anonymous_2)
FNDA:0,(anonymous_3)
FNDA:2,(anonymous_4)
FNDA:2,(anonymous_5)
FNDA:10,(anonymous_6)
FNDA:2,(anonymous_7)
FNDA:6,(anonymous_8)
FNDA:1,(anonymous_9)
FNDA:5,(anonymous_10)
FNDA:3,(anonymous_11)
FNDA:2,(anonymous_12)
FNDA:2,(anonymous_13)
FNDA:6,(anonymous_14)
FNDA:1,(anonymous_15)
FNDA:5,(anonymous_16)
FNDA:1,(anonymous_17)
FNDA:5,(anonymous_18)
FNDA:4,(anonymous_19)
FNDA:10,(anonymous_20)
FNDA:37,(anonymous_21)
FNDA:69,(anonymous_22)
FNDA:29,(anonymous_23)
DA:8,14
DA:14,14
DA:19,14
DA:20,14
DA:22,14
DA:23,14
DA:25,14
DA:26,14
DA:27,14
DA:28,14
DA:29,14
DA:33,10
DA:35,10
DA:36,37
DA:37,0
DA:39,0
DA:45,2
DA:47,2
DA:49,10
DA:54,2
DA:55,2
DA:59,6
DA:61,2
DA:62,1
DA:65,1
DA:69,1
DA:70,1
DA:72,1
DA:74,5
DA:82,1
DA:86,3
DA:88,2
DA:96,6
DA:97,1
DA:100,1
DA:111,1
DA:115,1
DA:116,5
DA:118,1
DA:122,1
DA:124,5
DA:130,4
DA:131,4
DA:132,4
DA:134,4
DA:135,1
DA:138,3
DA:145,2
DA:150,10
DA:151,37
DA:152,69
DA:153,29
DA:154,10
DA:155,10
LF:54
LH:52
BRDA:49,0,0,8
BRDA:49,0,1,2
BRDA:61,1,0,1
BRDA:61,1,1,1
BRDA:88,2,0,1
BRDA:88,2,1,1
BRDA:96,3,0,1
BRDA:96,3,1,1
BRDA:124,4,0,4
BRDA:124,4,1,1
BRDA:134,5,0,1
BRDA:134,5,1,3
BRDA:138,6,0,2
BRDA:138,6,1,1
BRDA:139,7,0,3
BRDA:139,7,1,2
BRDA:139,7,2,2
BRDA:139,7,3,1
BRDA:139,7,4,1
BRDA:139,7,5,1
BRF:20
BRH:20
end_of_record
TN:
SF:/mnt/d/dev/projects/slack-chat/src/js/components/Menu.js
FN:5,(anonymous_0)
FN:19,(anonymous_1)
FN:22,(anonymous_2)
FN:29,close
FN:38,(anonymous_4)
FN:47,(anonymous_5)
FN:61,(anonymous_6)
FN:68,(anonymous_7)
FN:75,(anonymous_8)
FN:109,(anonymous_9)
FN:116,(anonymous_10)
FNF:11
FNH:11
FNDA:8,(anonymous_0)
FNDA:8,(anonymous_1)
FNDA:1,(anonymous_2)
FNDA:2,close
FNDA:3,(anonymous_4)
FNDA:1,(anonymous_5)
FNDA:1,(anonymous_6)
FNDA:1,(anonymous_7)
FNDA:1,(anonymous_8)
FNDA:9,(anonymous_9)
FNDA:8,(anonymous_10)
DA:6,8
DA:7,8
DA:9,8
DA:10,8
DA:11,8
DA:13,8
DA:15,8
DA:16,8
DA:20,8
DA:22,8
DA:23,1
DA:24,1
DA:27,8
DA:30,2
DA:31,1
DA:32,1
DA:39,3
DA:40,3
DA:42,3
DA:43,3
DA:44,3
DA:45,3
DA:46,3
DA:47,3
DA:48,1
DA:49,1
DA:50,1
DA:51,1
DA:53,3
DA:55,3
DA:56,3
DA:58,3
DA:62,1
DA:63,1
DA:65,1
DA:69,1
DA:70,1
DA:72,1
DA:76,1
DA:78,1
DA:79,0
DA:81,1
DA:84,1
DA:85,0
DA:87,1
DA:90,1
DA:91,1
DA:93,1
DA:94,0
DA:97,1
DA:98,0
DA:101,1
DA:102,1
DA:104,1
DA:106,1
DA:110,9
DA:111,9
DA:113,9
DA:117,8
DA:118,8
DA:119,8
LF:61
LH:57
BRDA:30,0,0,1
BRDA:30,0,1,1
BRDA:30,1,0,2
BRDA:30,1,1,1
BRDA:43,2,0,3
BRDA:43,2,1,0
BRDA:75,3,0,1
BRDA:78,4,0,0
BRDA:78,4,1,1
BRDA:81,5,0,1
BRDA:81,5,1,0
BRDA:84,6,0,0
BRDA:84,6,1,1
BRDA:87,7,0,1
BRDA:87,7,1,0
BRDA:90,8,0,0
BRDA:90,8,1,1
BRDA:93,9,0,0
BRDA:93,9,1,1
BRDA:97,10,0,0
BRDA:97,10,1,1
BRDA:101,11,0,0
BRDA:101,11,1,1
BRDA:102,12,0,0
BRDA:102,12,1,1
BRF:25
BRH:15
end_of_record
TN:
SF:/mnt/d/dev/projects/slack-chat/src/js/components/MessageList.js
FN:11,(anonymous_0)
FN:45,(anonymous_1)
FN:56,(anonymous_2)
FN:68,(anonymous_3)
FN:81,(anonymous_4)
FN:88,(anonymous_5)
FN:92,(anonymous_6)
FN:93,(anonymous_7)
FN:106,(anonymous_8)
FN:118,(anonymous_9)
FN:131,(anonymous_10)
FN:153,(anonymous_11)
FN:155,(anonymous_12)
FN:168,(anonymous_13)
FN:169,(anonymous_14)
FN:178,(anonymous_15)
FN:180,(anonymous_16)
FN:182,(anonymous_17)
FN:193,(anonymous_18)
FN:199,(anonymous_19)
FN:205,(anonymous_20)
FN:207,(anonymous_21)
FN:211,(anonymous_22)
FN:215,(anonymous_23)
FN:219,(anonymous_24)
FN:227,(anonymous_25)
FN:230,(anonymous_26)
FN:231,(anonymous_27)
FN:238,(anonymous_28)
FN:250,(anonymous_29)
FN:255,(anonymous_30)
FN:257,(anonymous_31)
FN:260,(anonymous_32)
FN:273,(anonymous_33)
FN:276,(anonymous_34)
FN:281,(anonymous_35)
FN:286,(anonymous_36)
FN:294,(anonymous_37)
FN:298,(anonymous_38)
FN:306,(anonymous_39)
FN:327,(anonymous_40)
FN:336,(anonymous_41)
FN:337,(anonymous_42)
FN:358,(anonymous_43)
FN:384,(anonymous_44)
FNF:45
FNH:41
FNDA:27,(anonymous_0)
FNDA:5,(anonymous_1)
FNDA:6,(anonymous_2)
FNDA:2,(anonymous_3)
FNDA:1,(anonymous_4)
FNDA:27,(anonymous_5)
FNDA:0,(anonymous_6)
FNDA:0,(anonymous_7)
FNDA:0,(anonymous_8)
FNDA:1,(anonymous_9)
FNDA:4,(anonymous_10)
FNDA:1,(anonymous_11)
FNDA:5,(anonymous_12)
FNDA:2,(anonymous_13)
FNDA:6,(anonymous_14)
FNDA:1,(anonymous_15)
FNDA:5,(anonymous_16)
FNDA:0,(anonymous_17)
FNDA:5,(anonymous_18)
FNDA:1,(anonymous_19)
FNDA:5,(anonymous_20)
FNDA:5,(anonymous_21)
FNDA:1,(anonymous_22)
FNDA:1,(anonymous_23)
FNDA:2,(anonymous_24)
FNDA:1,(anonymous_25)
FNDA:4,(anonymous_26)
FNDA:1,(anonymous_27)
FNDA:5,(anonymous_28)
FNDA:1,(anonymous_29)
FNDA:1,(anonymous_30)
FNDA:1,(anonymous_31)
FNDA:5,(anonymous_32)
FNDA:1,(anonymous_33)
FNDA:5,(anonymous_34)
FNDA:1,(anonymous_35)
FNDA:5,(anonymous_36)
FNDA:1,(anonymous_37)
FNDA:3,(anonymous_38)
FNDA:16,(anonymous_39)
FNDA:15,(anonymous_40)
FNDA:42,(anonymous_41)
FNDA:52,(anonymous_42)
FNDA:52,(anonymous_43)
FNDA:52,(anonymous_44)
DA:12,27
DA:17,27
DA:20,27
DA:21,27
DA:23,27
DA:24,27
DA:25,27
DA:27,27
DA:28,27
DA:29,27
DA:30,27
DA:31,27
DA:32,27
DA:34,27
DA:35,27
DA:36,27
DA:37,27
DA:38,27
DA:39,27
DA:40,27
DA:41,27
DA:42,27
DA:46,5
DA:48,5
DA:49,1
DA:52,4
DA:53,4
DA:55,4
DA:56,6
DA:57,3
DA:59,3
DA:60,2
DA:63,1
DA:64,1
DA:69,2
DA:71,2
DA:72,1
DA:75,1
DA:76,1
DA:77,0
DA:80,1
DA:81,1
DA:82,1
DA:83,1
DA:89,27
DA:90,27
DA:92,27
DA:93,0
DA:94,0
DA:95,0
DA:98,0
DA:99,0
DA:100,0
DA:103,0
DA:104,0
DA:105,0
DA:106,0
DA:107,0
DA:108,0
DA:113,27
DA:119,1
DA:126,1
DA:132,4
DA:133,4
DA:134,4
DA:136,4
DA:145,3
DA:148,1
DA:154,1
DA:156,5
DA:169,6
DA:171,2
DA:172,1
DA:175,1
DA:179,1
DA:180,5
DA:183,0
DA:191,1
DA:193,5
DA:200,1
DA:206,5
DA:207,5
DA:212,1
DA:216,1
DA:220,2
DA:222,2
DA:223,1
DA:228,1
DA:229,1
DA:230,4
DA:231,1
DA:233,1
DA:234,0
DA:237,1
DA:239,5
DA:251,1
DA:252,1
DA:257,1
DA:259,1
DA:260,5
DA:262,1
DA:263,1
DA:270,1
DA:274,1
DA:275,1
DA:276,5
DA:278,1
DA:282,1
DA:284,1
DA:286,5
DA:291,1
DA:295,1
DA:296,1
DA:298,3
DA:303,1
DA:307,16
DA:308,16
DA:309,16
DA:311,16
DA:312,5
DA:315,11
DA:316,11
DA:318,11
DA:323,11
DA:329,15
DA:331,15
DA:332,0
DA:335,15
DA:336,42
DA:340,52
DA:341,0
DA:342,0
DA:345,52
DA:346,1
DA:347,51
DA:348,51
DA:350,0
DA:353,52
DA:355,52
DA:358,15
DA:359,52
DA:360,0
DA:361,0
DA:364,52
DA:365,10
DA:366,10
DA:367,10
DA:370,52
DA:371,49
DA:373,3
DA:375,3
DA:376,0
DA:380,52
DA:383,15
DA:384,52
DA:387,15
LF:156
LH:134
BRDA:48,0,0,1
BRDA:48,0,1,4
BRDA:48,1,0,5
BRDA:48,1,1,4
BRDA:55,2,0,3
BRDA:55,2,1,1
BRDA:55,3,0,4
BRDA:55,3,1,3
BRDA:59,4,0,2
BRDA:59,4,1,1
BRDA:71,5,0,1
BRDA:71,5,1,1
BRDA:71,6,0,2
BRDA:71,6,1,1
BRDA:76,7,0,0
BRDA:76,7,1,1
BRDA:82,8,0,1
BRDA:82,8,1,0
BRDA:94,9,0,0
BRDA:94,9,1,0
BRDA:99,10,0,0
BRDA:99,10,1,0
BRDA:99,11,0,0
BRDA:99,11,1,0
BRDA:136,12,0,3
BRDA:136,12,1,1
BRDA:137,13,0,4
BRDA:137,13,1,2
BRDA:137,13,2,3
BRDA:137,13,3,2
BRDA:137,13,4,1
BRDA:137,13,5,0
BRDA:137,13,6,0
BRDA:137,13,7,0
BRDA:137,13,8,3
BRDA:156,14,0,4
BRDA:156,14,1,1
BRDA:171,15,0,1
BRDA:171,15,1,1
BRDA:207,16,0,4
BRDA:207,16,1,1
BRDA:222,17,0,1
BRDA:222,17,1,1
BRDA:231,18,0,1
BRDA:231,18,1,1
BRDA:233,19,0,0
BRDA:233,19,1,1
BRDA:239,20,0,4
BRDA:239,20,1,1
BRDA:262,21,0,1
BRDA:262,21,1,0
BRDA:273,22,0,0
BRDA:306,23,0,15
BRDA:311,24,0,5
BRDA:311,24,1,11
BRDA:318,25,0,11
BRDA:318,25,1,0
BRDA:319,26,0,11
BRDA:319,26,1,0
BRDA:319,26,2,0
BRDA:331,27,0,0
BRDA:331,27,1,15
BRDA:340,28,0,0
BRDA:340,28,1,52
BRDA:340,29,0,52
BRDA:340,29,1,0
BRDA:345,30,0,1
BRDA:345,30,1,51
BRDA:347,31,0,51
BRDA:347,31,1,0
BRDA:359,32,0,0
BRDA:359,32,1,52
BRDA:359,33,0,52
BRDA:359,33,1,0
BRDA:364,34,0,10
BRDA:364,34,1,42
BRDA:364,35,0,52
BRDA:364,35,1,50
BRDA:364,35,2,49
BRDA:370,36,0,49
BRDA:370,36,1,3
BRDA:375,37,0,0
BRDA:375,37,1,3
BRF:83
BRH:59
end_of_record
TN:
SF:/mnt/d/dev/projects/slack-chat/src/js/components/Modal.js
FN:5,(anonymous_0)
FN:17,(anonymous_1)
FN:20,(anonymous_2)
FN:27,close
FN:39,(anonymous_4)
FN:43,(anonymous_5)
FN:47,(anonymous_6)
FN:52,(anonymous_7)
FN:58,(anonymous_8)
FN:69,(anonymous_9)
FN:75,(anonymous_10)
FNF:11
FNH:11
FNDA:8,(anonymous_0)
FNDA:8,(anonymous_1)
FNDA:1,(anonymous_2)
FNDA:2,close
FNDA:1,(anonymous_4)
FNDA:9,(anonymous_5)
FNDA:8,(anonymous_6)
FNDA:1,(anonymous_7)
FNDA:1,(anonymous_8)
FNDA:1,(anonymous_9)
FNDA:1,(anonymous_10)
DA:6,8
DA:7,8
DA:8,8
DA:10,8
DA:11,8
DA:12,8
DA:14,8
DA:18,8
DA:20,8
DA:21,1
DA:22,1
DA:25,8
DA:28,2
DA:29,2
DA:31,2
DA:32,1
DA:33,1
DA:40,1
DA:44,9
DA:48,8
DA:49,8
DA:53,1
DA:55,1
DA:59,1
DA:60,1
DA:62,1
DA:63,1
DA:66,1
DA:70,1
DA:71,1
DA:73,1
DA:74,1
DA:75,1
DA:76,1
DA:77,1
DA:80,1
LF:36
LH:36
BRDA:5,0,0,0
BRDA:31,1,0,1
BRDA:31,1,1,1
BRDA:31,2,0,2
BRDA:31,2,1,1
BRDA:31,2,2,1
BRDA:31,2,3,1
BRDA:62,3,0,1
BRDA:62,3,1,0
BRF:9
BRH:7
end_of_record
TN:
SF:/mnt/d/dev/projects/slack-chat/src/js/components/NotificationBar.js
FN:6,(anonymous_0)
FN:21,(anonymous_1)
FN:23,(anonymous_2)
FN:36,(anonymous_3)
FN:39,(anonymous_4)
FN:54,(anonymous_5)
FNF:6
FNH:6
FNDA:5,(anonymous_0)
FNDA:8,(anonymous_1)
FNDA:7,(anonymous_2)
FNDA:4,(anonymous_3)
FNDA:4,(anonymous_4)
FNDA:5,(anonymous_5)
DA:7,5
DA:12,5
DA:15,5
DA:16,5
DA:18,5
DA:22,8
DA:23,8
DA:25,8
DA:26,2
DA:27,6
DA:28,1
DA:29,5
DA:30,1
DA:33,8
DA:37,4
DA:38,4
DA:39,4
DA:41,4
DA:46,3
DA:49,4
DA:55,5
LF:21
LH:21
BRDA:25,0,0,2
BRDA:25,0,1,6
BRDA:27,1,0,1
BRDA:27,1,1,5
BRDA:29,2,0,1
BRDA:29,2,1,4
BRDA:41,3,0,3
BRDA:41,3,1,1
BRDA:42,4,0,4
BRDA:42,4,1,2
BRDA:42,4,2,3
BRDA:42,4,3,2
BRDA:42,4,4,2
BRDA:42,4,5,1
BRDA:42,4,6,1
BRF:15
BRH:15
end_of_record
TN:
SF:/mnt/d/dev/projects/slack-chat/src/js/components/RoomList.js
FN:7,(anonymous_0)
FN:31,(anonymous_1)
FN:34,(anonymous_2)
FN:35,(anonymous_3)
FN:43,(anonymous_4)
FN:48,(anonymous_5)
FN:65,(anonymous_6)
FN:73,(anonymous_7)
FN:78,(anonymous_8)
FN:88,(anonymous_9)
FN:95,(anonymous_10)
FN:105,(anonymous_11)
FN:112,(anonymous_12)
FN:114,(anonymous_13)
FN:119,(anonymous_14)
FNF:15
FNH:14
FNDA:11,(anonymous_0)
FNDA:6,(anonymous_1)
FNDA:15,(anonymous_2)
FNDA:0,(anonymous_3)
FNDA:5,(anonymous_4)
FNDA:5,(anonymous_5)
FNDA:6,(anonymous_6)
FNDA:1,(anonymous_7)
FNDA:3,(anonymous_8)
FNDA:1,(anonymous_9)
FNDA:3,(anonymous_10)
FNDA:3,(anonymous_11)
FNDA:6,(anonymous_12)
FNDA:15,(anonymous_13)
FNDA:13,(anonymous_14)
DA:8,11
DA:13,11
DA:20,11
DA:21,11
DA:23,11
DA:25,11
DA:26,11
DA:28,11
DA:32,6
DA:34,6
DA:35,15
DA:36,0
DA:38,0
DA:44,5
DA:45,0
DA:48,5
DA:50,5
DA:51,3
DA:54,2
DA:56,2
DA:57,1
DA:58,1
DA:59,1
DA:62,2
DA:65,6
DA:69,2
DA:70,2
DA:74,1
DA:75,1
DA:77,1
DA:78,3
DA:85,1
DA:89,1
DA:96,3
DA:97,3
DA:99,3
DA:100,1
DA:103,2
DA:104,1
DA:106,3
DA:113,6
DA:114,15
DA:120,13
DA:121,7
DA:123,6
DA:124,6
DA:126,0
DA:129,6
DA:130,6
LF:49
LH:45
BRDA:44,0,0,0
BRDA:44,0,1,5
BRDA:50,1,0,3
BRDA:50,1,1,2
BRDA:56,2,0,1
BRDA:56,2,1,1
BRDA:99,3,0,1
BRDA:99,3,1,2
BRDA:103,4,0,1
BRDA:103,4,1,1
BRDA:103,5,0,2
BRDA:103,5,1,1
BRDA:106,6,0,2
BRDA:106,6,1,1
BRDA:120,7,0,7
BRDA:120,7,1,6
BRDA:123,8,0,6
BRDA:123,8,1,0
BRF:18
BRH:16
end_of_record
TN:
SF:/mnt/d/dev/projects/slack-chat/src/js/components/User.js
FN:12,(anonymous_0)
FN:33,(anonymous_1)
FN:37,(anonymous_2)
FN:48,(anonymous_3)
FN:57,(anonymous_4)
FN:62,(anonymous_5)
FN:81,(anonymous_6)
FN:104,(anonymous_7)
FN:112,(anonymous_8)
FN:117,(anonymous_9)
FN:121,(anonymous_10)
FNF:11
FNH:10
FNDA:12,(anonymous_0)
FNDA:12,(anonymous_1)
FNDA:1,(anonymous_2)
FNDA:1,(anonymous_3)
FNDA:0,(anonymous_4)
FNDA:3,(anonymous_5)
FNDA:2,(anonymous_6)
FNDA:2,(anonymous_7)
FNDA:1,(anonymous_8)
FNDA:2,(anonymous_9)
FNDA:2,(anonymous_10)
DA:13,12
DA:19,12
DA:20,12
DA:22,12
DA:23,12
DA:24,12
DA:27,12
DA:29,12
DA:30,12
DA:34,12
DA:38,1
DA:40,1
DA:42,1
DA:49,1
DA:54,1
DA:56,1
DA:57,1
DA:58,1
DA:59,1
DA:63,3
DA:64,3
DA:65,3
DA:66,3
DA:67,3
DA:70,3
DA:71,1
DA:74,3
DA:75,1
DA:76,1
DA:78,1
DA:81,2
DA:82,2
DA:85,2
DA:86,2
DA:88,2
DA:89,2
DA:91,2
DA:92,1
DA:93,1
DA:95,1
DA:98,1
DA:99,1
DA:101,1
DA:105,2
DA:107,2
DA:108,1
DA:113,1
DA:114,1
DA:118,2
DA:122,2
DA:124,2
DA:125,1
DA:128,1
LF:53
LH:53
BRDA:70,0,0,1
BRDA:70,0,1,2
BRDA:70,1,0,3
BRDA:70,1,1,3
BRDA:74,2,0,1
BRDA:74,2,1,2
BRDA:91,3,0,1
BRDA:91,3,1,1
BRDA:107,4,0,1
BRDA:107,4,1,1
BRDA:124,5,0,1
BRDA:124,5,1,1
BRF:12
BRH:12
end_of_record
TN:
SF:/mnt/d/dev/projects/slack-chat/src/js/components/message/index.js
FN:9,(anonymous_0)
FN:47,(anonymous_1)
FN:52,(anonymous_2)
FN:60,(anonymous_3)
FN:87,(anonymous_4)
FNF:5
FNH:5
FNDA:28,(anonymous_0)
FNDA:2,(anonymous_1)
FNDA:3,(anonymous_2)
FNDA:5,(anonymous_3)
FNDA:1,(anonymous_4)
DA:26,28
DA:27,28
DA:28,28
DA:29,28
DA:30,28
DA:31,28
DA:32,28
DA:33,28
DA:34,28
DA:35,28
DA:36,28
DA:37,28
DA:38,28
DA:43,28
DA:44,28
DA:49,2
DA:53,3
DA:55,3
DA:57,3
DA:61,5
DA:63,5
DA:64,1
DA:67,4
DA:70,4
DA:72,1
DA:73,1
DA:75,1
DA:76,1
DA:78,1
DA:79,1
DA:81,1
DA:84,3
DA:88,1
LF:33
LH:33
BRDA:9,0,0,15
BRDA:11,1,0,24
BRDA:12,2,0,23
BRDA:13,3,0,24
BRDA:14,4,0,22
BRDA:15,5,0,22
BRDA:16,6,0,24
BRDA:17,7,0,24
BRDA:18,8,0,24
BRDA:19,9,0,24
BRDA:20,10,0,24
BRDA:22,11,0,24
BRDA:23,12,0,24
BRDA:24,13,0,16
BRDA:63,14,0,1
BRDA:63,14,1,4
BRDA:70,15,0,1
BRDA:70,15,1,1
BRDA:70,15,2,1
BRDA:70,15,3,1
BRF:20
BRH:20
end_of_record
TN:
SF:/mnt/d/dev/projects/slack-chat/src/js/components/message/commands/cancelCommand.js
FN:2,(anonymous_0)
FN:6,(anonymous_1)
FNF:2
FNH:2
FNDA:1,(anonymous_0)
FNDA:1,(anonymous_1)
DA:3,1
DA:7,1
DA:8,1
DA:9,1
LF:4
LH:4
BRF:0
BRH:0
end_of_record
TN:
SF:/mnt/d/dev/projects/slack-chat/src/js/components/message/commands/deleteCommand.js
FN:4,(anonymous_0)
FN:9,(anonymous_1)
FN:16,(anonymous_2)
FN:23,(anonymous_3)
FNF:4
FNH:3
FNDA:2,(anonymous_0)
FNDA:1,(anonymous_1)
FNDA:0,(anonymous_2)
FNDA:1,(anonymous_3)
DA:5,2
DA:6,2
DA:10,1
DA:16,1
DA:17,0
DA:20,1
DA:24,1
DA:25,1
LF:8
LH:7
BRF:0
BRH:0
end_of_record
TN:
SF:/mnt/d/dev/projects/slack-chat/src/js/components/message/commands/editCommand.js
FN:2,(anonymous_0)
FN:6,(anonymous_1)
FNF:2
FNH:2
FNDA:1,(anonymous_0)
FNDA:1,(anonymous_1)
DA:3,1
DA:7,1
DA:8,1
DA:9,1
LF:4
LH:4
BRF:0
BRH:0
end_of_record
TN:
SF:/mnt/d/dev/projects/slack-chat/src/js/components/message/commands/saveCommand.js
FN:4,(anonymous_0)
FN:9,(anonymous_1)
FNF:2
FNH:2
FNDA:1,(anonymous_0)
FNDA:1,(anonymous_1)
DA:5,1
DA:6,1
DA:10,1
DA:11,1
DA:13,1
DA:15,1
DA:16,1
DA:17,1
DA:18,1
DA:20,1
LF:10
LH:10
BRDA:15,0,0,1
BRDA:15,0,1,1
BRF:2
BRH:2
end_of_record
TN:
SF:/mnt/d/dev/projects/slack-chat/src/js/components/message/commands/speakCommand.js
FN:2,(anonymous_0)
FN:7,(anonymous_1)
FNF:2
FNH:2
FNDA:1,(anonymous_0)
FNDA:1,(anonymous_1)
DA:3,1
DA:4,1
DA:8,1
DA:9,1
DA:11,1
LF:5
LH:5
BRDA:8,0,0,1
BRDA:8,0,1,0
BRF:2
BRH:1
end_of_record
TN:
SF:/mnt/d/dev/projects/slack-chat/src/js/components/message/output/messageEditOutput.js
FN:9,(anonymous_0)
FN:16,(anonymous_1)
FN:20,(anonymous_2)
FN:24,(anonymous_3)
FN:28,(anonymous_4)
FN:32,(anonymous_5)
FN:35,(anonymous_6)
FN:57,(anonymous_7)
FN:81,(anonymous_8)
FNF:9
FNH:7
FNDA:10,(anonymous_0)
FNDA:2,(anonymous_1)
FNDA:1,(anonymous_2)
FNDA:1,(anonymous_3)
FNDA:0,(anonymous_4)
FNDA:0,(anonymous_5)
FNDA:3,(anonymous_6)
FNDA:4,(anonymous_7)
FNDA:1,(anonymous_8)
DA:10,10
DA:11,10
DA:12,10
DA:13,10
DA:17,2
DA:18,2
DA:20,2
DA:21,1
DA:24,2
DA:25,1
DA:28,2
DA:30,2
DA:32,2
DA:36,3
DA:38,3
DA:39,2
DA:40,1
DA:42,1
DA:43,1
DA:44,1
DA:45,1
DA:48,2
DA:51,3
DA:52,1
DA:53,1
DA:58,4
DA:60,4
DA:61,1
DA:64,3
DA:67,3
DA:69,1
DA:70,1
DA:72,1
DA:73,1
DA:75,1
DA:78,2
DA:82,1
DA:83,1
DA:84,1
DA:85,1
DA:87,1
LF:41
LH:41
BRDA:38,0,0,2
BRDA:38,0,1,1
BRDA:39,1,0,1
BRDA:39,1,1,1
BRDA:51,2,0,1
BRDA:51,2,1,2
BRDA:60,3,0,1
BRDA:60,3,1,3
BRDA:67,4,0,1
BRDA:67,4,1,1
BRDA:67,4,2,1
BRDA:81,5,0,0
BRF:12
BRH:11
end_of_record
TN:
SF:/mnt/d/dev/projects/slack-chat/src/js/components/message/output/messageNewOutput.js
FN:5,(anonymous_0)
FN:9,(anonymous_1)
FN:10,(anonymous_2)
FN:15,(anonymous_3)
FNF:4
FNH:4
FNDA:12,(anonymous_0)
FNDA:2,(anonymous_1)
FNDA:1,(anonymous_2)
FNDA:2,(anonymous_3)
DA:6,12
DA:10,2
DA:11,1
DA:16,2
DA:17,2
DA:18,2
DA:20,2
LF:7
LH:7
BRDA:15,0,0,0
BRF:1
BRH:0
end_of_record
TN:
SF:/mnt/d/dev/projects/slack-chat/src/js/components/message/output/messageOutput.js
FN:6,(anonymous_0)
FN:12,(anonymous_1)
FN:15,(anonymous_2)
FN:20,(anonymous_3)
FN:25,(anonymous_4)
FNF:5
FNH:5
FNDA:53,(anonymous_0)
FNDA:1,(anonymous_1)
FNDA:2,(anonymous_2)
FNDA:1,(anonymous_3)
FNDA:1,(anonymous_4)
DA:7,53
DA:8,53
DA:9,53
DA:13,1
DA:15,1
DA:16,2
DA:21,1
DA:22,1
DA:26,1
DA:27,1
DA:28,1
DA:29,1
DA:31,1
LF:13
LH:13
BRDA:25,0,0,0
BRF:1
BRH:0
end_of_record
TN:
SF:/mnt/d/dev/projects/slack-chat/src/js/components/message/output/messageRepeatedOutput.js
FN:6,(anonymous_0)
FN:11,(anonymous_1)
FNF:2
FNH:2
FNDA:1,(anonymous_0)
FNDA:1,(anonymous_1)
DA:7,1
DA:8,1
DA:12,1
DA:14,1
DA:15,1
DA:17,1
LF:6
LH:6
BRDA:11,0,0,0
BRF:1
BRH:0
end_of_record
